[runlim] version:		1.7
[runlim] time limit:		3600 seconds
[runlim] real time limit:	311040000 seconds
[runlim] space limit:		20000 MB
[runlim] argv[0]:		python3
[runlim] argv[1]:		/es0/amicheli/pyrobustnessenvelopes/main.py
[runlim] argv[2]:		-o
[runlim] argv[3]:		/es0/amicheli/pyrobustnessenvelopes/results/auv_mission_10_2_5_envelope_simp.res
[runlim] argv[4]:		envelope
[runlim] argv[5]:		/es0/amicheli/pyrobustnessenvelopes/benchmarks/auv/domains/pandora_domain_strategic_for_validation.pddl
[runlim] argv[6]:		/es0/amicheli/pyrobustnessenvelopes/benchmarks/auv/problems/mission_10_2_5.pddl
[runlim] argv[7]:		/es0/amicheli/pyrobustnessenvelopes/benchmarks/auv/stns_params_with_values/stn_plan_mission_10_2_5_params
[runlim] argv[8]:		-d
[runlim] argv[9]:		-S
[runlim] argv[10]:		partial
[runlim] argv[11]:		-s
[runlim] argv[12]:		msat
[runlim] argv[13]:		-e
[runlim] argv[14]:		-q
[runlim] argv[15]:		msat_lw
[runlim] start:			Tue Jan 15 09:11:25 2019
[runlim] main pid:		11755
[runlim] sample:		10.0 seconds, 59.7 MB
[runlim] sample:		20.0 seconds, 112.6 MB
[runlim] sample:		29.9 seconds, 127.5 MB
[runlim] sample:		40.0 seconds, 183.2 MB
[runlim] sample:		49.9 seconds, 227.1 MB
[runlim] sample:		59.9 seconds, 294.2 MB
[runlim] sample:		69.9 seconds, 319.1 MB
[runlim] sample:		79.9 seconds, 349.0 MB
[runlim] sample:		89.9 seconds, 395.5 MB
[runlim] sample:		99.9 seconds, 461.9 MB
[runlim] sample:		109.9 seconds, 492.0 MB
[runlim] sample:		119.9 seconds, 523.4 MB
[runlim] sample:		129.9 seconds, 553.1 MB
[runlim] sample:		139.9 seconds, 581.1 MB
[runlim] sample:		149.9 seconds, 609.4 MB
[runlim] sample:		159.9 seconds, 672.5 MB
[runlim] sample:		169.9 seconds, 781.2 MB
[runlim] sample:		179.9 seconds, 812.8 MB
[runlim] sample:		189.9 seconds, 841.2 MB
[runlim] sample:		199.9 seconds, 870.0 MB
[runlim] sample:		209.9 seconds, 896.0 MB
[runlim] sample:		219.9 seconds, 934.9 MB
[runlim] sample:		229.9 seconds, 971.8 MB
[runlim] sample:		239.9 seconds, 998.8 MB
[runlim] sample:		249.9 seconds, 1026.0 MB
[runlim] sample:		259.9 seconds, 1053.4 MB
[runlim] sample:		269.9 seconds, 1082.2 MB
[runlim] sample:		279.9 seconds, 1112.2 MB
[runlim] sample:		289.9 seconds, 1132.8 MB
[runlim] sample:		299.9 seconds, 1173.1 MB
[runlim] sample:		309.9 seconds, 1372.4 MB
[runlim] sample:		319.9 seconds, 1401.5 MB
[runlim] sample:		329.9 seconds, 1427.5 MB
[runlim] sample:		339.9 seconds, 1459.9 MB
[runlim] sample:		349.9 seconds, 1494.3 MB
[runlim] sample:		359.9 seconds, 1520.4 MB
[runlim] sample:		369.9 seconds, 1559.0 MB
[runlim] sample:		379.9 seconds, 1586.6 MB
[runlim] sample:		389.9 seconds, 1611.4 MB
[runlim] sample:		399.9 seconds, 1662.4 MB
[runlim] sample:		409.9 seconds, 1690.4 MB
[runlim] sample:		419.9 seconds, 1716.7 MB
[runlim] sample:		429.9 seconds, 1742.4 MB
[runlim] sample:		439.9 seconds, 1768.0 MB
[runlim] sample:		449.9 seconds, 1761.3 MB
[runlim] sample:		459.9 seconds, 1833.2 MB
[runlim] sample:		469.9 seconds, 1858.8 MB
[runlim] sample:		479.9 seconds, 1880.8 MB
[runlim] sample:		489.9 seconds, 1906.0 MB
[runlim] sample:		499.9 seconds, 1944.3 MB
[runlim] sample:		509.9 seconds, 1966.8 MB
[runlim] sample:		519.9 seconds, 1996.0 MB
[runlim] sample:		529.9 seconds, 2024.0 MB
[runlim] sample:		539.9 seconds, 2054.0 MB
[runlim] sample:		549.9 seconds, 2086.4 MB
[runlim] sample:		559.9 seconds, 2112.8 MB
[runlim] sample:		569.9 seconds, 2140.8 MB
[runlim] sample:		579.9 seconds, 2168.8 MB
[runlim] sample:		589.9 seconds, 2196.8 MB
[runlim] sample:		599.9 seconds, 2555.4 MB
[runlim] sample:		609.9 seconds, 2591.4 MB
[runlim] sample:		619.9 seconds, 2613.4 MB
[runlim] sample:		629.9 seconds, 2639.4 MB
[runlim] sample:		639.9 seconds, 2665.4 MB
[runlim] sample:		649.9 seconds, 2691.4 MB
[runlim] sample:		659.9 seconds, 2753.4 MB
[runlim] sample:		669.9 seconds, 2780.4 MB
[runlim] sample:		679.9 seconds, 2818.4 MB
[runlim] sample:		689.9 seconds, 2850.4 MB
[runlim] sample:		699.9 seconds, 2872.4 MB
[runlim] sample:		709.9 seconds, 2908.4 MB
[runlim] sample:		719.9 seconds, 2930.4 MB
[runlim] sample:		729.9 seconds, 2956.4 MB
[runlim] sample:		739.9 seconds, 2986.4 MB
[runlim] sample:		749.9 seconds, 3022.4 MB
[runlim] sample:		759.9 seconds, 3040.4 MB
[runlim] sample:		769.9 seconds, 3066.4 MB
[runlim] sample:		779.9 seconds, 3096.4 MB
[runlim] sample:		789.9 seconds, 3120.5 MB
[runlim] sample:		799.9 seconds, 3150.5 MB
[runlim] sample:		809.9 seconds, 3178.5 MB
[runlim] sample:		819.9 seconds, 3204.5 MB
[runlim] sample:		829.9 seconds, 3230.5 MB
[runlim] sample:		839.9 seconds, 3260.4 MB
[runlim] sample:		849.9 seconds, 3286.5 MB
[runlim] sample:		859.9 seconds, 3314.5 MB
[runlim] sample:		869.9 seconds, 3003.7 MB
[runlim] sample:		879.9 seconds, 3394.4 MB
[runlim] sample:		889.9 seconds, 3420.4 MB
[runlim] sample:		899.9 seconds, 3446.4 MB
[runlim] sample:		909.9 seconds, 3474.4 MB
[runlim] sample:		919.9 seconds, 3504.4 MB
[runlim] sample:		929.9 seconds, 3528.5 MB
[runlim] sample:		939.9 seconds, 3554.4 MB
[runlim] sample:		949.9 seconds, 3578.4 MB
[runlim] sample:		959.9 seconds, 3604.4 MB
[runlim] sample:		969.9 seconds, 3628.4 MB
[runlim] sample:		979.9 seconds, 3654.4 MB
[runlim] sample:		989.9 seconds, 3680.4 MB
[runlim] sample:		999.9 seconds, 3704.4 MB
[runlim] sample:		1009.9 seconds, 3732.4 MB
[runlim] sample:		1019.9 seconds, 3758.4 MB
[runlim] sample:		1029.9 seconds, 3784.4 MB
[runlim] sample:		1039.9 seconds, 3808.4 MB
[runlim] sample:		1049.9 seconds, 3834.4 MB
[runlim] sample:		1059.9 seconds, 3860.4 MB
[runlim] sample:		1069.9 seconds, 3886.4 MB
[runlim] sample:		1079.9 seconds, 3910.4 MB
[runlim] sample:		1089.9 seconds, 3939.7 MB
[runlim] sample:		1099.9 seconds, 3976.3 MB
[runlim] sample:		1109.9 seconds, 4002.8 MB
[runlim] sample:		1119.9 seconds, 4037.3 MB
[runlim] sample:		1129.9 seconds, 4064.1 MB
[runlim] sample:		1139.9 seconds, 4088.3 MB
[runlim] sample:		1149.9 seconds, 3676.8 MB
[runlim] sample:		1159.9 seconds, 3720.5 MB
[runlim] sample:		1169.9 seconds, 3794.6 MB
[runlim] sample:		1179.9 seconds, 4203.2 MB
[runlim] sample:		1189.9 seconds, 4426.8 MB
[runlim] sample:		1199.9 seconds, 4266.9 MB
[runlim] sample:		1209.9 seconds, 5585.1 MB
[runlim] sample:		1219.9 seconds, 4951.4 MB
[runlim] sample:		1229.9 seconds, 4976.9 MB
[runlim] sample:		1239.9 seconds, 5003.7 MB
[runlim] sample:		1249.9 seconds, 5029.0 MB
[runlim] sample:		1259.9 seconds, 5054.4 MB
[runlim] sample:		1269.9 seconds, 5080.7 MB
[runlim] sample:		1279.9 seconds, 5106.6 MB
[runlim] sample:		1289.9 seconds, 5135.3 MB
[runlim] sample:		1299.9 seconds, 5161.9 MB
[runlim] sample:		1309.9 seconds, 5189.1 MB
[runlim] sample:		1319.9 seconds, 5239.1 MB
[runlim] sample:		1329.9 seconds, 5273.1 MB
[runlim] sample:		1339.9 seconds, 5297.1 MB
[runlim] sample:		1349.9 seconds, 5320.3 MB
[runlim] sample:		1359.9 seconds, 5353.2 MB
[runlim] sample:		1369.9 seconds, 5380.0 MB
[runlim] sample:		1379.9 seconds, 5411.0 MB
[runlim] sample:		1389.9 seconds, 5447.0 MB
[runlim] sample:		1399.9 seconds, 5472.4 MB
[runlim] sample:		1409.9 seconds, 5501.6 MB
[runlim] sample:		1419.9 seconds, 5528.5 MB
[runlim] sample:		1429.9 seconds, 5556.7 MB
[runlim] sample:		1439.9 seconds, 5583.4 MB
[runlim] sample:		1449.9 seconds, 5611.0 MB
[runlim] sample:		1459.9 seconds, 5637.2 MB
[runlim] sample:		1469.9 seconds, 5664.7 MB
[runlim] sample:		1479.9 seconds, 5692.0 MB
[runlim] sample:		1489.9 seconds, 5718.7 MB
[runlim] sample:		1499.9 seconds, 5742.7 MB
[runlim] sample:		1509.9 seconds, 5770.3 MB
[runlim] sample:		1519.9 seconds, 5797.2 MB
[runlim] sample:		1529.9 seconds, 5827.2 MB
[runlim] sample:		1539.9 seconds, 5851.9 MB
[runlim] sample:		1549.8 seconds, 5877.6 MB
[runlim] sample:		1559.9 seconds, 5904.4 MB
[runlim] sample:		1569.8 seconds, 5932.2 MB
[runlim] sample:		1579.9 seconds, 5961.3 MB
[runlim] sample:		1589.8 seconds, 5988.3 MB
[runlim] sample:		1599.9 seconds, 6014.8 MB
[runlim] sample:		1609.8 seconds, 6039.5 MB
[runlim] sample:		1619.8 seconds, 6067.2 MB
[runlim] sample:		1629.8 seconds, 5481.2 MB
[runlim] sample:		1639.8 seconds, 5515.7 MB
[runlim] sample:		1649.8 seconds, 5525.8 MB
[runlim] sample:		1659.8 seconds, 6172.3 MB
[runlim] sample:		1669.8 seconds, 6200.2 MB
[runlim] sample:		1679.8 seconds, 6223.3 MB
[runlim] sample:		1689.8 seconds, 6248.9 MB
[runlim] sample:		1699.8 seconds, 6313.7 MB
[runlim] sample:		1709.8 seconds, 6317.7 MB
[runlim] sample:		1719.8 seconds, 6341.7 MB
[runlim] sample:		1729.8 seconds, 6364.7 MB
[runlim] sample:		1739.8 seconds, 6391.3 MB
[runlim] sample:		1749.8 seconds, 6414.3 MB
[runlim] sample:		1759.8 seconds, 6441.8 MB
[runlim] sample:		1769.8 seconds, 6467.5 MB
[runlim] sample:		1779.8 seconds, 6493.8 MB
[runlim] sample:		1789.8 seconds, 6518.0 MB
[runlim] sample:		1799.8 seconds, 6544.6 MB
[runlim] sample:		1809.8 seconds, 6570.7 MB
[runlim] sample:		1819.8 seconds, 6597.3 MB
[runlim] sample:		1829.8 seconds, 6621.3 MB
[runlim] sample:		1839.8 seconds, 6649.1 MB
[runlim] sample:		1849.8 seconds, 6675.6 MB
[runlim] sample:		1859.8 seconds, 6704.9 MB
[runlim] sample:		1869.8 seconds, 6735.1 MB
[runlim] sample:		1879.8 seconds, 6762.2 MB
[runlim] sample:		1889.8 seconds, 6787.3 MB
[runlim] sample:		1899.8 seconds, 6813.6 MB
[runlim] sample:		1909.8 seconds, 6839.4 MB
[runlim] sample:		1919.8 seconds, 6866.6 MB
[runlim] sample:		1929.8 seconds, 6890.6 MB
[runlim] sample:		1939.8 seconds, 6918.8 MB
[runlim] sample:		1949.8 seconds, 6944.5 MB
[runlim] sample:		1959.8 seconds, 6970.8 MB
[runlim] sample:		1969.8 seconds, 6994.1 MB
[runlim] sample:		1979.8 seconds, 7020.7 MB
[runlim] sample:		1989.8 seconds, 7045.9 MB
[runlim] sample:		1999.8 seconds, 7069.7 MB
[runlim] sample:		2009.8 seconds, 7096.2 MB
[runlim] sample:		2019.8 seconds, 7122.4 MB
[runlim] sample:		2029.8 seconds, 7148.2 MB
[runlim] sample:		2039.8 seconds, 7177.6 MB
[runlim] sample:		2049.8 seconds, 7059.5 MB
[runlim] sample:		2059.8 seconds, 6701.2 MB
[runlim] sample:		2069.8 seconds, 6465.8 MB
[runlim] sample:		2079.8 seconds, 7257.1 MB
[runlim] sample:		2089.8 seconds, 7283.5 MB
[runlim] sample:		2099.8 seconds, 7310.8 MB
[runlim] sample:		2109.8 seconds, 7335.9 MB
[runlim] sample:		2119.8 seconds, 7361.5 MB
[runlim] sample:		2129.8 seconds, 7390.8 MB
[runlim] sample:		2139.8 seconds, 7419.2 MB
[runlim] sample:		2149.8 seconds, 7448.0 MB
[runlim] sample:		2159.8 seconds, 7476.7 MB
[runlim] sample:		2169.8 seconds, 7501.6 MB
[runlim] sample:		2179.8 seconds, 7526.9 MB
[runlim] sample:		2189.8 seconds, 7554.6 MB
[runlim] sample:		2199.8 seconds, 7582.0 MB
[runlim] sample:		2209.8 seconds, 7609.4 MB
[runlim] sample:		2219.8 seconds, 7635.5 MB
[runlim] sample:		2229.8 seconds, 7662.5 MB
[runlim] sample:		2239.8 seconds, 7689.0 MB
[runlim] sample:		2249.8 seconds, 7716.0 MB
[runlim] sample:		2259.8 seconds, 7754.6 MB
[runlim] sample:		2269.8 seconds, 7780.5 MB
[runlim] sample:		2279.8 seconds, 7808.6 MB
[runlim] sample:		2289.8 seconds, 7837.1 MB
[runlim] sample:		2299.8 seconds, 7865.0 MB
[runlim] sample:		2309.8 seconds, 7893.1 MB
[runlim] sample:		2319.8 seconds, 7920.4 MB
[runlim] sample:		2329.8 seconds, 7943.4 MB
[runlim] sample:		2339.8 seconds, 7971.0 MB
[runlim] sample:		2349.8 seconds, 7997.9 MB
[runlim] sample:		2359.8 seconds, 8024.4 MB
[runlim] sample:		2369.8 seconds, 8052.1 MB
[runlim] sample:		2379.8 seconds, 8186.4 MB
[runlim] sample:		2389.8 seconds, 7526.9 MB
[runlim] sample:		2399.8 seconds, 8102.4 MB
[runlim] sample:		2409.8 seconds, 8128.3 MB
[runlim] sample:		2419.8 seconds, 8157.0 MB
[runlim] sample:		2429.8 seconds, 8180.7 MB
[runlim] sample:		2439.8 seconds, 8208.0 MB
[runlim] sample:		2449.8 seconds, 8236.4 MB
[runlim] sample:		2459.8 seconds, 8267.2 MB
[runlim] sample:		2469.8 seconds, 8296.6 MB
[runlim] sample:		2479.8 seconds, 8323.5 MB
[runlim] sample:		2489.8 seconds, 8350.7 MB
[runlim] sample:		2499.8 seconds, 8377.5 MB
[runlim] sample:		2509.8 seconds, 8400.9 MB
[runlim] sample:		2519.8 seconds, 11038.8 MB
[runlim] sample:		2529.8 seconds, 9747.5 MB
[runlim] sample:		2539.8 seconds, 9775.3 MB
[runlim] sample:		2549.8 seconds, 9801.2 MB
[runlim] sample:		2559.8 seconds, 9828.2 MB
[runlim] sample:		2569.8 seconds, 9856.8 MB
[runlim] sample:		2579.8 seconds, 9606.6 MB
[runlim] sample:		2589.8 seconds, 8974.2 MB
[runlim] sample:		2599.8 seconds, 9908.0 MB
[runlim] sample:		2609.8 seconds, 9935.9 MB
[runlim] sample:		2619.8 seconds, 9963.3 MB
[runlim] sample:		2629.8 seconds, 9991.4 MB
[runlim] sample:		2639.8 seconds, 10015.0 MB
[runlim] sample:		2649.8 seconds, 10041.7 MB
[runlim] sample:		2659.8 seconds, 10068.9 MB
[runlim] sample:		2669.8 seconds, 10096.8 MB
[runlim] sample:		2679.8 seconds, 10126.8 MB
[runlim] sample:		2689.8 seconds, 10153.5 MB
[runlim] sample:		2699.8 seconds, 10178.9 MB
[runlim] sample:		2709.8 seconds, 10204.9 MB
[runlim] sample:		2719.8 seconds, 10230.4 MB
[runlim] sample:		2729.8 seconds, 10258.0 MB
[runlim] sample:		2739.8 seconds, 10282.3 MB
[runlim] sample:		2749.8 seconds, 10339.3 MB
[runlim] sample:		2759.8 seconds, 10364.6 MB
[runlim] sample:		2769.8 seconds, 10390.2 MB
[runlim] sample:		2779.8 seconds, 10414.6 MB
[runlim] sample:		2789.8 seconds, 10440.1 MB
[runlim] sample:		2799.8 seconds, 10466.1 MB
[runlim] sample:		2809.8 seconds, 10489.5 MB
[runlim] sample:		2819.8 seconds, 10425.5 MB
[runlim] sample:		2829.8 seconds, 9916.9 MB
[runlim] sample:		2839.8 seconds, 9512.1 MB
[runlim] sample:		2849.8 seconds, 10569.3 MB
[runlim] sample:		2859.8 seconds, 10595.0 MB
[runlim] sample:		2869.8 seconds, 10620.2 MB
[runlim] sample:		2879.8 seconds, 10648.1 MB
[runlim] sample:		2889.8 seconds, 10674.5 MB
[runlim] sample:		2899.8 seconds, 10701.9 MB
[runlim] sample:		2909.8 seconds, 10726.4 MB
[runlim] sample:		2919.8 seconds, 10753.1 MB
[runlim] sample:		2929.8 seconds, 10778.4 MB
[runlim] sample:		2939.8 seconds, 10804.7 MB
[runlim] sample:		2949.8 seconds, 10827.9 MB
[runlim] sample:		2959.8 seconds, 10855.7 MB
[runlim] sample:		2969.8 seconds, 10882.1 MB
[runlim] sample:		2979.8 seconds, 10905.3 MB
[runlim] sample:		2989.8 seconds, 10931.5 MB
[runlim] sample:		2999.8 seconds, 10982.8 MB
[runlim] sample:		3009.8 seconds, 11002.5 MB
[runlim] sample:		3019.8 seconds, 11033.1 MB
[runlim] sample:		3029.8 seconds, 11061.4 MB
[runlim] sample:		3039.8 seconds, 11089.3 MB
[runlim] sample:		3049.8 seconds, 11116.9 MB
[runlim] sample:		3059.8 seconds, 11083.3 MB
[runlim] sample:		3069.8 seconds, 10224.2 MB
[runlim] sample:		3079.8 seconds, 11171.1 MB
[runlim] sample:		3089.8 seconds, 11199.3 MB
[runlim] sample:		3099.8 seconds, 11227.3 MB
[runlim] sample:		3109.8 seconds, 11254.1 MB
[runlim] sample:		3119.8 seconds, 11281.8 MB
[runlim] sample:		3129.8 seconds, 11310.1 MB
[runlim] sample:		3139.8 seconds, 11336.9 MB
[runlim] sample:		3149.8 seconds, 11362.7 MB
[runlim] sample:		3159.8 seconds, 11389.7 MB
[runlim] sample:		3169.8 seconds, 11416.7 MB
[runlim] sample:		3179.8 seconds, 11443.2 MB
[runlim] sample:		3189.8 seconds, 11471.6 MB
[runlim] sample:		3199.8 seconds, 11503.9 MB
[runlim] sample:		3209.8 seconds, 11528.4 MB
[runlim] sample:		3219.8 seconds, 11555.1 MB
[runlim] sample:		3229.8 seconds, 11402.3 MB
[runlim] sample:		3239.8 seconds, 10493.9 MB
[runlim] sample:		3249.8 seconds, 11610.9 MB
[runlim] sample:		3259.8 seconds, 11638.2 MB
[runlim] sample:		3269.8 seconds, 11668.3 MB
[runlim] sample:		3279.8 seconds, 11694.9 MB
[runlim] sample:		3289.8 seconds, 11724.8 MB
[runlim] sample:		3299.8 seconds, 11750.3 MB
[runlim] sample:		3309.8 seconds, 11778.8 MB
[runlim] sample:		3319.8 seconds, 11807.1 MB
[runlim] sample:		3329.8 seconds, 11834.3 MB
[runlim] sample:		3339.8 seconds, 11862.0 MB
[runlim] sample:		3349.8 seconds, 11888.6 MB
[runlim] sample:		3359.8 seconds, 11913.4 MB
[runlim] sample:		3369.8 seconds, 11942.6 MB
[runlim] sample:		3379.8 seconds, 11973.8 MB
[runlim] sample:		3389.8 seconds, 10908.5 MB
[runlim] sample:		3399.8 seconds, 12002.7 MB
[runlim] sample:		3409.8 seconds, 12029.9 MB
[runlim] sample:		3419.8 seconds, 12054.5 MB
[runlim] sample:		3429.8 seconds, 12081.3 MB
[runlim] sample:		3439.8 seconds, 12108.3 MB
[runlim] sample:		3449.8 seconds, 12132.5 MB
[runlim] sample:		3459.8 seconds, 12160.8 MB
[runlim] sample:		3469.8 seconds, 12186.7 MB
[runlim] sample:		3479.8 seconds, 12212.4 MB
[runlim] sample:		3489.8 seconds, 12557.4 MB
[runlim] sample:		3499.8 seconds, 12241.9 MB
[runlim] sample:		3509.8 seconds, 12269.8 MB
[runlim] sample:		3519.8 seconds, 12298.7 MB
[runlim] sample:		3529.8 seconds, 12325.0 MB
[runlim] sample:		3539.8 seconds, 12349.6 MB
[runlim] sample:		3549.8 seconds, 12378.0 MB
[runlim] sample:		3559.8 seconds, 12404.3 MB
[runlim] sample:		3569.8 seconds, 12432.7 MB
[runlim] sample:		3579.8 seconds, 12458.9 MB
[runlim] sample:		3589.8 seconds, 11887.8 MB
[runlim] sample:		3599.8 seconds, 12483.5 MB
[runlim] end:			Tue Jan 15 10:11:25 2019
[runlim] status:		out of time
[runlim] result:		1
[runlim] children:		0
[runlim] real:			3600.52 seconds
[runlim] time:			3600.09 seconds
[runlim] space:			13577.8 MB
[runlim] samples:		36003
