[runlim] version:		1.7
[runlim] time limit:		3600 seconds
[runlim] real time limit:	311040000 seconds
[runlim] space limit:		20000 MB
[runlim] argv[0]:		python3
[runlim] argv[1]:		/es0/amicheli/pyrobustnessenvelopes/main.py
[runlim] argv[2]:		-o
[runlim] argv[3]:		/es0/amicheli/pyrobustnessenvelopes/results/auv_mission_10_2_9_construct_nosimp.res
[runlim] argv[4]:		construct
[runlim] argv[5]:		/es0/amicheli/pyrobustnessenvelopes/benchmarks/auv/domains/pandora_domain_strategic_for_validation.pddl
[runlim] argv[6]:		/es0/amicheli/pyrobustnessenvelopes/benchmarks/auv/problems/mission_10_2_9.pddl
[runlim] argv[7]:		/es0/amicheli/pyrobustnessenvelopes/benchmarks/auv/stns_params_with_values/stn_plan_mission_10_2_9_params
[runlim] argv[8]:		-d
[runlim] argv[9]:		-S
[runlim] argv[10]:		monolithic
[runlim] argv[11]:		-s
[runlim] argv[12]:		z3
[runlim] argv[13]:		-q
[runlim] argv[14]:		msat_lw
[runlim] argv[15]:		-c
[runlim] start:			Tue Jan 15 06:36:49 2019
[runlim] main pid:		153739
[runlim] sample:		9.9 seconds, 48.0 MB
[runlim] sample:		19.9 seconds, 56.1 MB
[runlim] sample:		29.9 seconds, 57.3 MB
[runlim] sample:		39.9 seconds, 128.4 MB
[runlim] sample:		49.9 seconds, 135.2 MB
[runlim] sample:		59.9 seconds, 142.6 MB
[runlim] sample:		69.9 seconds, 149.4 MB
[runlim] sample:		79.9 seconds, 151.1 MB
[runlim] sample:		89.9 seconds, 221.8 MB
[runlim] sample:		99.9 seconds, 238.6 MB
[runlim] sample:		109.9 seconds, 252.2 MB
[runlim] sample:		119.9 seconds, 254.9 MB
[runlim] sample:		129.9 seconds, 259.1 MB
[runlim] sample:		139.9 seconds, 266.2 MB
[runlim] sample:		149.9 seconds, 266.2 MB
[runlim] sample:		159.9 seconds, 271.2 MB
[runlim] sample:		169.9 seconds, 273.6 MB
[runlim] sample:		179.9 seconds, 273.8 MB
[runlim] sample:		189.9 seconds, 275.3 MB
[runlim] sample:		199.9 seconds, 279.0 MB
[runlim] sample:		209.9 seconds, 280.3 MB
[runlim] sample:		219.9 seconds, 281.9 MB
[runlim] sample:		229.9 seconds, 283.5 MB
[runlim] sample:		239.9 seconds, 284.0 MB
[runlim] sample:		249.9 seconds, 285.3 MB
[runlim] sample:		259.9 seconds, 285.3 MB
[runlim] sample:		269.9 seconds, 288.3 MB
[runlim] sample:		279.9 seconds, 296.7 MB
[runlim] sample:		289.9 seconds, 298.5 MB
[runlim] sample:		299.9 seconds, 298.5 MB
[runlim] sample:		309.9 seconds, 300.1 MB
[runlim] sample:		319.9 seconds, 302.5 MB
[runlim] sample:		329.9 seconds, 302.7 MB
[runlim] sample:		339.9 seconds, 304.4 MB
[runlim] sample:		349.9 seconds, 307.3 MB
[runlim] sample:		359.9 seconds, 308.2 MB
[runlim] sample:		369.9 seconds, 308.2 MB
[runlim] sample:		379.9 seconds, 308.5 MB
[runlim] sample:		389.9 seconds, 309.5 MB
[runlim] sample:		399.9 seconds, 309.6 MB
[runlim] sample:		409.9 seconds, 310.8 MB
[runlim] sample:		419.9 seconds, 311.0 MB
[runlim] sample:		429.9 seconds, 312.0 MB
[runlim] sample:		439.9 seconds, 312.1 MB
[runlim] sample:		449.9 seconds, 313.1 MB
[runlim] sample:		459.9 seconds, 314.1 MB
[runlim] sample:		469.9 seconds, 315.1 MB
[runlim] sample:		479.9 seconds, 315.8 MB
[runlim] sample:		489.9 seconds, 316.4 MB
[runlim] sample:		499.9 seconds, 316.4 MB
[runlim] sample:		509.9 seconds, 316.5 MB
[runlim] sample:		520.0 seconds, 316.5 MB
[runlim] sample:		530.0 seconds, 317.2 MB
[runlim] sample:		540.0 seconds, 318.2 MB
[runlim] sample:		550.0 seconds, 319.2 MB
[runlim] sample:		560.0 seconds, 321.8 MB
[runlim] sample:		570.0 seconds, 321.9 MB
[runlim] sample:		580.0 seconds, 322.8 MB
[runlim] sample:		590.0 seconds, 323.8 MB
[runlim] sample:		600.0 seconds, 323.8 MB
[runlim] sample:		610.0 seconds, 323.8 MB
[runlim] sample:		620.0 seconds, 325.3 MB
[runlim] sample:		630.0 seconds, 325.3 MB
[runlim] sample:		640.0 seconds, 325.3 MB
[runlim] sample:		650.0 seconds, 326.8 MB
[runlim] sample:		660.0 seconds, 326.9 MB
[runlim] sample:		670.0 seconds, 326.9 MB
[runlim] sample:		680.0 seconds, 327.3 MB
[runlim] sample:		690.0 seconds, 327.3 MB
[runlim] sample:		700.0 seconds, 327.3 MB
[runlim] sample:		710.0 seconds, 328.6 MB
[runlim] sample:		720.0 seconds, 330.7 MB
[runlim] sample:		730.0 seconds, 330.7 MB
[runlim] sample:		740.0 seconds, 330.7 MB
[runlim] sample:		750.0 seconds, 330.7 MB
[runlim] sample:		760.0 seconds, 330.7 MB
[runlim] sample:		770.0 seconds, 332.4 MB
[runlim] sample:		780.0 seconds, 332.4 MB
[runlim] sample:		790.0 seconds, 332.4 MB
[runlim] sample:		800.0 seconds, 334.4 MB
[runlim] sample:		810.0 seconds, 334.4 MB
[runlim] sample:		820.0 seconds, 334.4 MB
[runlim] sample:		830.0 seconds, 334.4 MB
[runlim] sample:		840.0 seconds, 334.4 MB
[runlim] sample:		850.0 seconds, 334.4 MB
[runlim] sample:		860.0 seconds, 334.7 MB
[runlim] sample:		870.0 seconds, 336.1 MB
[runlim] sample:		880.0 seconds, 336.1 MB
[runlim] sample:		890.0 seconds, 337.1 MB
[runlim] sample:		900.0 seconds, 337.6 MB
[runlim] sample:		910.0 seconds, 337.6 MB
[runlim] sample:		920.0 seconds, 337.6 MB
[runlim] sample:		930.0 seconds, 337.6 MB
[runlim] sample:		940.0 seconds, 339.6 MB
[runlim] sample:		950.0 seconds, 339.6 MB
[runlim] sample:		960.0 seconds, 339.7 MB
[runlim] sample:		970.0 seconds, 339.7 MB
[runlim] sample:		980.0 seconds, 339.7 MB
[runlim] sample:		990.0 seconds, 339.7 MB
[runlim] sample:		1000.0 seconds, 339.7 MB
[runlim] sample:		1010.0 seconds, 340.7 MB
[runlim] sample:		1020.0 seconds, 340.8 MB
[runlim] sample:		1030.0 seconds, 342.1 MB
[runlim] sample:		1040.0 seconds, 342.1 MB
[runlim] sample:		1050.0 seconds, 342.1 MB
[runlim] sample:		1060.0 seconds, 342.1 MB
[runlim] sample:		1070.0 seconds, 342.8 MB
[runlim] sample:		1080.0 seconds, 342.8 MB
[runlim] sample:		1090.0 seconds, 342.8 MB
[runlim] sample:		1100.0 seconds, 343.4 MB
[runlim] sample:		1110.0 seconds, 344.4 MB
[runlim] sample:		1120.0 seconds, 344.4 MB
[runlim] sample:		1130.0 seconds, 344.4 MB
[runlim] sample:		1140.0 seconds, 345.4 MB
[runlim] sample:		1150.0 seconds, 346.4 MB
[runlim] sample:		1160.0 seconds, 346.4 MB
[runlim] sample:		1170.0 seconds, 346.4 MB
[runlim] sample:		1180.0 seconds, 346.4 MB
[runlim] sample:		1190.0 seconds, 346.4 MB
[runlim] sample:		1200.0 seconds, 360.6 MB
[runlim] sample:		1210.0 seconds, 360.6 MB
[runlim] sample:		1220.0 seconds, 361.7 MB
[runlim] sample:		1230.0 seconds, 363.5 MB
[runlim] sample:		1240.0 seconds, 363.5 MB
[runlim] sample:		1250.0 seconds, 363.6 MB
[runlim] sample:		1260.0 seconds, 363.6 MB
[runlim] sample:		1270.0 seconds, 363.6 MB
[runlim] sample:		1280.0 seconds, 363.6 MB
[runlim] sample:		1290.0 seconds, 363.6 MB
[runlim] sample:		1300.0 seconds, 363.6 MB
[runlim] sample:		1310.0 seconds, 363.7 MB
[runlim] sample:		1320.0 seconds, 363.7 MB
[runlim] sample:		1330.0 seconds, 363.7 MB
[runlim] sample:		1340.0 seconds, 364.1 MB
[runlim] sample:		1350.0 seconds, 364.1 MB
[runlim] sample:		1360.0 seconds, 365.4 MB
[runlim] sample:		1370.0 seconds, 365.4 MB
[runlim] sample:		1380.0 seconds, 365.4 MB
[runlim] sample:		1390.0 seconds, 365.4 MB
[runlim] sample:		1400.0 seconds, 365.4 MB
[runlim] sample:		1410.0 seconds, 365.4 MB
[runlim] sample:		1420.0 seconds, 365.4 MB
[runlim] sample:		1430.0 seconds, 365.4 MB
[runlim] sample:		1440.0 seconds, 366.1 MB
[runlim] sample:		1450.0 seconds, 366.8 MB
[runlim] sample:		1460.0 seconds, 366.8 MB
[runlim] sample:		1470.0 seconds, 366.8 MB
[runlim] sample:		1480.0 seconds, 368.5 MB
[runlim] sample:		1490.0 seconds, 368.5 MB
[runlim] sample:		1500.0 seconds, 368.5 MB
[runlim] sample:		1510.0 seconds, 368.5 MB
[runlim] sample:		1520.0 seconds, 368.5 MB
[runlim] sample:		1530.0 seconds, 370.3 MB
[runlim] sample:		1540.0 seconds, 370.3 MB
[runlim] sample:		1550.0 seconds, 370.3 MB
[runlim] sample:		1560.0 seconds, 370.3 MB
[runlim] sample:		1570.0 seconds, 370.3 MB
[runlim] sample:		1580.0 seconds, 370.3 MB
[runlim] sample:		1590.0 seconds, 370.3 MB
[runlim] sample:		1600.0 seconds, 370.3 MB
[runlim] sample:		1610.0 seconds, 370.3 MB
[runlim] sample:		1620.0 seconds, 370.3 MB
[runlim] sample:		1630.0 seconds, 370.5 MB
[runlim] sample:		1640.0 seconds, 370.5 MB
[runlim] sample:		1650.0 seconds, 371.5 MB
[runlim] sample:		1660.0 seconds, 372.5 MB
[runlim] sample:		1670.0 seconds, 372.5 MB
[runlim] sample:		1680.0 seconds, 372.5 MB
[runlim] sample:		1690.0 seconds, 372.5 MB
[runlim] sample:		1700.0 seconds, 372.5 MB
[runlim] sample:		1710.0 seconds, 372.5 MB
[runlim] sample:		1720.0 seconds, 372.5 MB
[runlim] sample:		1730.0 seconds, 372.5 MB
[runlim] sample:		1740.0 seconds, 373.0 MB
[runlim] sample:		1750.0 seconds, 373.0 MB
[runlim] sample:		1760.0 seconds, 373.0 MB
[runlim] sample:		1770.0 seconds, 374.2 MB
[runlim] sample:		1780.0 seconds, 374.2 MB
[runlim] sample:		1790.0 seconds, 374.2 MB
[runlim] sample:		1800.0 seconds, 374.4 MB
[runlim] sample:		1810.0 seconds, 374.4 MB
[runlim] sample:		1820.0 seconds, 374.4 MB
[runlim] sample:		1830.0 seconds, 374.4 MB
[runlim] sample:		1840.0 seconds, 374.5 MB
[runlim] sample:		1850.0 seconds, 374.5 MB
[runlim] sample:		1860.0 seconds, 374.5 MB
[runlim] sample:		1870.0 seconds, 374.5 MB
[runlim] sample:		1880.0 seconds, 374.5 MB
[runlim] sample:		1890.0 seconds, 374.5 MB
[runlim] sample:		1900.0 seconds, 374.5 MB
[runlim] sample:		1910.0 seconds, 374.5 MB
[runlim] sample:		1920.0 seconds, 374.5 MB
[runlim] sample:		1930.0 seconds, 374.5 MB
[runlim] sample:		1940.0 seconds, 374.5 MB
[runlim] sample:		1950.0 seconds, 375.1 MB
[runlim] sample:		1960.0 seconds, 376.0 MB
[runlim] sample:		1970.0 seconds, 376.0 MB
[runlim] sample:		1980.0 seconds, 376.0 MB
[runlim] sample:		1990.0 seconds, 376.9 MB
[runlim] sample:		2000.0 seconds, 376.9 MB
[runlim] sample:		2010.0 seconds, 376.9 MB
[runlim] sample:		2020.0 seconds, 376.9 MB
[runlim] sample:		2030.0 seconds, 376.9 MB
[runlim] sample:		2040.0 seconds, 376.9 MB
[runlim] sample:		2050.1 seconds, 376.9 MB
[runlim] sample:		2060.1 seconds, 376.9 MB
[runlim] sample:		2070.1 seconds, 377.0 MB
[runlim] sample:		2080.1 seconds, 377.0 MB
[runlim] sample:		2090.1 seconds, 377.0 MB
[runlim] sample:		2100.1 seconds, 377.0 MB
[runlim] sample:		2110.1 seconds, 377.0 MB
[runlim] sample:		2120.1 seconds, 377.8 MB
[runlim] sample:		2130.1 seconds, 378.8 MB
[runlim] sample:		2140.1 seconds, 378.8 MB
[runlim] sample:		2150.1 seconds, 378.8 MB
[runlim] sample:		2160.1 seconds, 378.8 MB
[runlim] sample:		2170.1 seconds, 378.8 MB
[runlim] sample:		2180.1 seconds, 378.8 MB
[runlim] sample:		2190.1 seconds, 379.8 MB
[runlim] sample:		2200.1 seconds, 379.8 MB
[runlim] sample:		2210.1 seconds, 379.8 MB
[runlim] sample:		2220.1 seconds, 379.8 MB
[runlim] end:			Tue Jan 15 07:13:52 2019
[runlim] status:		ok
[runlim] result:		0
[runlim] children:		0
[runlim] real:			2223.76 seconds
[runlim] time:			2223.56 seconds
[runlim] space:			379.8 MB
[runlim] samples:		22235
