[runlim] version:		1.7
[runlim] time limit:		3600 seconds
[runlim] real time limit:	311040000 seconds
[runlim] space limit:		20000 MB
[runlim] argv[0]:		python3
[runlim] argv[1]:		/es0/amicheli/pyrobustnessenvelopes/main.py
[runlim] argv[2]:		-o
[runlim] argv[3]:		/es0/amicheli/pyrobustnessenvelopes/results/auv_mission_10_2_3_envelope_nosimp.res
[runlim] argv[4]:		envelope
[runlim] argv[5]:		/es0/amicheli/pyrobustnessenvelopes/benchmarks/auv/domains/pandora_domain_strategic_for_validation.pddl
[runlim] argv[6]:		/es0/amicheli/pyrobustnessenvelopes/benchmarks/auv/problems/mission_10_2_3.pddl
[runlim] argv[7]:		/es0/amicheli/pyrobustnessenvelopes/benchmarks/auv/stns_params_with_values/stn_plan_mission_10_2_3_params
[runlim] argv[8]:		-d
[runlim] argv[9]:		-S
[runlim] argv[10]:		partial
[runlim] argv[11]:		-s
[runlim] argv[12]:		msat
[runlim] argv[13]:		-e
[runlim] argv[14]:		-q
[runlim] argv[15]:		msat_lw
[runlim] argv[16]:		-c
[runlim] start:			Tue Jan 15 07:02:49 2019
[runlim] main pid:		10865
[runlim] sample:		10.0 seconds, 106.1 MB
[runlim] sample:		20.0 seconds, 145.7 MB
[runlim] sample:		30.0 seconds, 197.7 MB
[runlim] sample:		40.0 seconds, 229.6 MB
[runlim] sample:		50.0 seconds, 307.4 MB
[runlim] sample:		60.0 seconds, 345.8 MB
[runlim] sample:		70.0 seconds, 355.6 MB
[runlim] sample:		80.0 seconds, 435.2 MB
[runlim] sample:		90.0 seconds, 470.4 MB
[runlim] sample:		100.0 seconds, 505.1 MB
[runlim] sample:		110.0 seconds, 532.9 MB
[runlim] sample:		120.0 seconds, 564.2 MB
[runlim] sample:		130.0 seconds, 596.6 MB
[runlim] sample:		140.0 seconds, 708.7 MB
[runlim] sample:		150.0 seconds, 744.0 MB
[runlim] sample:		160.0 seconds, 770.9 MB
[runlim] sample:		170.0 seconds, 839.4 MB
[runlim] sample:		180.0 seconds, 836.6 MB
[runlim] sample:		190.0 seconds, 868.1 MB
[runlim] sample:		200.0 seconds, 898.1 MB
[runlim] sample:		210.0 seconds, 926.4 MB
[runlim] sample:		220.0 seconds, 952.3 MB
[runlim] sample:		230.0 seconds, 981.8 MB
[runlim] sample:		240.0 seconds, 1009.1 MB
[runlim] sample:		250.0 seconds, 1044.5 MB
[runlim] sample:		260.0 seconds, 1067.1 MB
[runlim] sample:		270.0 seconds, 1134.0 MB
[runlim] sample:		280.0 seconds, 1130.5 MB
[runlim] sample:		290.0 seconds, 1316.3 MB
[runlim] sample:		300.0 seconds, 1346.7 MB
[runlim] sample:		310.0 seconds, 1381.6 MB
[runlim] sample:		320.0 seconds, 1409.2 MB
[runlim] sample:		330.0 seconds, 1437.6 MB
[runlim] sample:		340.0 seconds, 1463.7 MB
[runlim] sample:		350.0 seconds, 1491.3 MB
[runlim] sample:		360.0 seconds, 1526.9 MB
[runlim] sample:		370.0 seconds, 1551.2 MB
[runlim] sample:		380.0 seconds, 1581.4 MB
[runlim] sample:		390.0 seconds, 1609.8 MB
[runlim] sample:		400.0 seconds, 1638.9 MB
[runlim] sample:		410.0 seconds, 1669.4 MB
[runlim] sample:		420.0 seconds, 1696.4 MB
[runlim] sample:		430.0 seconds, 1724.2 MB
[runlim] sample:		440.0 seconds, 1750.0 MB
[runlim] sample:		450.0 seconds, 1778.9 MB
[runlim] sample:		460.0 seconds, 1807.4 MB
[runlim] sample:		470.0 seconds, 1840.7 MB
[runlim] sample:		480.0 seconds, 1863.7 MB
[runlim] sample:		490.0 seconds, 1893.7 MB
[runlim] sample:		500.0 seconds, 1921.0 MB
[runlim] sample:		510.0 seconds, 1952.1 MB
[runlim] sample:		520.0 seconds, 2023.0 MB
[runlim] sample:		530.0 seconds, 2010.4 MB
[runlim] sample:		540.0 seconds, 2036.1 MB
[runlim] sample:		550.0 seconds, 2065.3 MB
[runlim] sample:		560.0 seconds, 2094.6 MB
[runlim] sample:		570.0 seconds, 2121.9 MB
[runlim] sample:		580.0 seconds, 2153.7 MB
[runlim] sample:		590.0 seconds, 2829.2 MB
[runlim] sample:		600.0 seconds, 2524.1 MB
[runlim] sample:		610.0 seconds, 2693.0 MB
[runlim] sample:		620.0 seconds, 2580.1 MB
[runlim] sample:		630.0 seconds, 2608.0 MB
[runlim] sample:		640.0 seconds, 2644.3 MB
[runlim] sample:		650.0 seconds, 2671.4 MB
[runlim] sample:		660.0 seconds, 2697.3 MB
[runlim] sample:		670.0 seconds, 2724.2 MB
[runlim] sample:		680.0 seconds, 2749.3 MB
[runlim] sample:		690.0 seconds, 2777.9 MB
[runlim] sample:		700.0 seconds, 2807.4 MB
[runlim] sample:		710.0 seconds, 2838.0 MB
[runlim] sample:		720.0 seconds, 2867.6 MB
[runlim] sample:		730.0 seconds, 2892.6 MB
[runlim] sample:		740.0 seconds, 2920.6 MB
[runlim] sample:		750.0 seconds, 2953.3 MB
[runlim] sample:		760.0 seconds, 2983.6 MB
[runlim] sample:		770.0 seconds, 3010.9 MB
[runlim] sample:		780.0 seconds, 2828.3 MB
[runlim] sample:		790.0 seconds, 3065.3 MB
[runlim] sample:		800.0 seconds, 3089.4 MB
[runlim] sample:		810.0 seconds, 3118.3 MB
[runlim] sample:		820.0 seconds, 3146.7 MB
[runlim] sample:		830.0 seconds, 3174.6 MB
[runlim] sample:		840.0 seconds, 3202.5 MB
[runlim] sample:		850.0 seconds, 3231.5 MB
[runlim] sample:		860.0 seconds, 3256.3 MB
[runlim] sample:		870.0 seconds, 3282.5 MB
[runlim] sample:		880.0 seconds, 3309.7 MB
[runlim] sample:		890.0 seconds, 3337.2 MB
[runlim] sample:		900.0 seconds, 3363.8 MB
[runlim] sample:		910.0 seconds, 3391.0 MB
[runlim] sample:		920.0 seconds, 3419.1 MB
[runlim] sample:		930.0 seconds, 3441.3 MB
[runlim] sample:		940.0 seconds, 3469.2 MB
[runlim] sample:		950.0 seconds, 3493.9 MB
[runlim] sample:		960.0 seconds, 3521.4 MB
[runlim] sample:		970.0 seconds, 3546.6 MB
[runlim] sample:		980.0 seconds, 3301.7 MB
[runlim] sample:		990.0 seconds, 3600.6 MB
[runlim] sample:		1000.0 seconds, 3626.2 MB
[runlim] sample:		1010.0 seconds, 3652.2 MB
[runlim] sample:		1020.0 seconds, 3679.5 MB
[runlim] sample:		1030.0 seconds, 3705.7 MB
[runlim] sample:		1040.0 seconds, 3732.8 MB
[runlim] sample:		1050.0 seconds, 3623.7 MB
[runlim] sample:		1060.0 seconds, 3786.2 MB
[runlim] sample:		1070.0 seconds, 3809.2 MB
[runlim] sample:		1080.0 seconds, 3885.0 MB
[runlim] sample:		1090.0 seconds, 3870.1 MB
[runlim] sample:		1100.0 seconds, 3896.3 MB
[runlim] sample:		1110.0 seconds, 3923.9 MB
[runlim] sample:		1120.0 seconds, 3526.8 MB
[runlim] sample:		1130.0 seconds, 4017.5 MB
[runlim] sample:		1140.0 seconds, 4049.7 MB
[runlim] sample:		1150.0 seconds, 4072.4 MB
[runlim] sample:		1160.0 seconds, 4097.5 MB
[runlim] sample:		1170.0 seconds, 4122.5 MB
[runlim] sample:		1180.0 seconds, 4145.0 MB
[runlim] sample:		1190.0 seconds, 4168.3 MB
[runlim] sample:		1200.0 seconds, 4213.9 MB
[runlim] sample:		1210.0 seconds, 4237.9 MB
[runlim] sample:		1220.0 seconds, 4259.2 MB
[runlim] sample:		1230.0 seconds, 5578.4 MB
[runlim] sample:		1240.0 seconds, 4941.7 MB
[runlim] sample:		1250.0 seconds, 4963.1 MB
[runlim] sample:		1260.0 seconds, 4984.7 MB
[runlim] sample:		1270.0 seconds, 5009.0 MB
[runlim] sample:		1280.0 seconds, 5031.6 MB
[runlim] sample:		1290.0 seconds, 5081.0 MB
[runlim] sample:		1300.0 seconds, 5106.9 MB
[runlim] sample:		1310.0 seconds, 5129.5 MB
[runlim] sample:		1320.0 seconds, 5154.0 MB
[runlim] sample:		1330.0 seconds, 5182.7 MB
[runlim] sample:		1340.0 seconds, 5223.5 MB
[runlim] sample:		1350.0 seconds, 5266.6 MB
[runlim] sample:		1360.0 seconds, 5283.9 MB
[runlim] sample:		1370.0 seconds, 5327.0 MB
[runlim] sample:		1380.0 seconds, 5351.8 MB
[runlim] sample:		1390.0 seconds, 5375.5 MB
[runlim] sample:		1400.0 seconds, 5401.0 MB
[runlim] sample:		1410.0 seconds, 5425.8 MB
[runlim] sample:		1420.0 seconds, 5448.7 MB
[runlim] sample:		1430.0 seconds, 5473.5 MB
[runlim] sample:		1440.0 seconds, 5520.4 MB
[runlim] sample:		1450.0 seconds, 5544.9 MB
[runlim] sample:		1460.0 seconds, 5570.1 MB
[runlim] sample:		1470.0 seconds, 5594.4 MB
[runlim] sample:		1480.0 seconds, 5622.0 MB
[runlim] sample:		1490.0 seconds, 5648.9 MB
[runlim] sample:		1500.0 seconds, 5673.1 MB
[runlim] sample:		1510.0 seconds, 5698.3 MB
[runlim] sample:		1520.0 seconds, 5747.9 MB
[runlim] sample:		1530.0 seconds, 5774.2 MB
[runlim] sample:		1540.0 seconds, 5801.3 MB
[runlim] sample:		1550.0 seconds, 5826.3 MB
[runlim] sample:		1560.0 seconds, 5848.7 MB
[runlim] sample:		1570.0 seconds, 5872.8 MB
[runlim] sample:		1580.0 seconds, 5894.2 MB
[runlim] sample:		1590.0 seconds, 5346.6 MB
[runlim] sample:		1600.0 seconds, 5963.3 MB
[runlim] sample:		1610.0 seconds, 5986.9 MB
[runlim] sample:		1620.0 seconds, 6009.1 MB
[runlim] sample:		1630.0 seconds, 6032.6 MB
[runlim] sample:		1640.0 seconds, 6053.8 MB
[runlim] sample:		1650.0 seconds, 6076.8 MB
[runlim] sample:		1660.0 seconds, 6101.4 MB
[runlim] sample:		1670.0 seconds, 6124.3 MB
[runlim] sample:		1680.0 seconds, 6149.3 MB
[runlim] sample:		1690.0 seconds, 6659.2 MB
[runlim] sample:		1699.9 seconds, 6221.2 MB
[runlim] sample:		1710.0 seconds, 6245.2 MB
[runlim] sample:		1720.0 seconds, 6270.3 MB
[runlim] sample:		1730.0 seconds, 6296.3 MB
[runlim] sample:		1740.0 seconds, 6320.4 MB
[runlim] sample:		1750.0 seconds, 6344.4 MB
[runlim] sample:		1760.0 seconds, 6366.1 MB
[runlim] sample:		1770.0 seconds, 6391.2 MB
[runlim] sample:		1779.9 seconds, 6438.7 MB
[runlim] sample:		1790.0 seconds, 6462.8 MB
[runlim] sample:		1800.0 seconds, 6484.7 MB
[runlim] sample:		1810.0 seconds, 6508.9 MB
[runlim] sample:		1820.0 seconds, 6530.6 MB
[runlim] sample:		1830.0 seconds, 6554.8 MB
[runlim] sample:		1840.0 seconds, 6576.1 MB
[runlim] sample:		1850.0 seconds, 6600.2 MB
[runlim] sample:		1859.9 seconds, 5936.4 MB
[runlim] sample:		1869.9 seconds, 6669.4 MB
[runlim] sample:		1879.9 seconds, 6691.3 MB
[runlim] sample:		1890.0 seconds, 6714.7 MB
[runlim] sample:		1900.0 seconds, 6739.4 MB
[runlim] sample:		1909.9 seconds, 6762.5 MB
[runlim] sample:		1920.0 seconds, 6786.7 MB
[runlim] sample:		1930.0 seconds, 6829.0 MB
[runlim] sample:		1940.0 seconds, 6846.3 MB
[runlim] sample:		1950.0 seconds, 6864.3 MB
[runlim] sample:		1960.0 seconds, 6165.6 MB
[runlim] sample:		1970.0 seconds, 6933.2 MB
[runlim] sample:		1980.0 seconds, 6956.9 MB
[runlim] sample:		1990.0 seconds, 6979.7 MB
[runlim] sample:		1999.9 seconds, 7003.6 MB
[runlim] sample:		2010.0 seconds, 7025.6 MB
[runlim] sample:		2019.9 seconds, 7049.4 MB
[runlim] sample:		2029.9 seconds, 7071.4 MB
[runlim] sample:		2039.9 seconds, 7095.2 MB
[runlim] sample:		2049.9 seconds, 7116.5 MB
[runlim] sample:		2059.9 seconds, 7161.6 MB
[runlim] sample:		2069.9 seconds, 7186.1 MB
[runlim] sample:		2079.9 seconds, 7209.5 MB
[runlim] sample:		2089.9 seconds, 7232.4 MB
[runlim] sample:		2099.9 seconds, 7256.0 MB
[runlim] sample:		2109.9 seconds, 7277.6 MB
[runlim] sample:		2119.9 seconds, 7301.7 MB
[runlim] sample:		2129.9 seconds, 7323.8 MB
[runlim] sample:		2139.9 seconds, 7348.0 MB
[runlim] sample:		2149.9 seconds, 6712.7 MB
[runlim] sample:		2159.9 seconds, 7419.1 MB
[runlim] sample:		2169.9 seconds, 7440.3 MB
[runlim] sample:		2179.9 seconds, 7464.6 MB
[runlim] sample:		2189.9 seconds, 7485.9 MB
[runlim] sample:		2199.9 seconds, 7510.1 MB
[runlim] sample:		2209.9 seconds, 7532.1 MB
[runlim] sample:		2219.9 seconds, 7557.1 MB
[runlim] sample:		2229.9 seconds, 7580.1 MB
[runlim] sample:		2239.9 seconds, 7616.4 MB
[runlim] sample:		2249.9 seconds, 7640.3 MB
[runlim] sample:		2259.9 seconds, 7018.9 MB
[runlim] sample:		2269.9 seconds, 7284.3 MB
[runlim] sample:		2279.9 seconds, 7737.8 MB
[runlim] sample:		2289.9 seconds, 7762.3 MB
[runlim] sample:		2299.9 seconds, 7786.2 MB
[runlim] sample:		2309.9 seconds, 7808.1 MB
[runlim] sample:		2319.9 seconds, 7833.1 MB
[runlim] sample:		2329.9 seconds, 7858.5 MB
[runlim] sample:		2339.9 seconds, 7880.9 MB
[runlim] sample:		2349.9 seconds, 7907.8 MB
[runlim] sample:		2359.9 seconds, 7933.5 MB
[runlim] sample:		2369.9 seconds, 7957.0 MB
[runlim] sample:		2379.9 seconds, 7981.6 MB
[runlim] sample:		2389.9 seconds, 8006.3 MB
[runlim] sample:		2399.9 seconds, 7502.6 MB
[runlim] sample:		2409.9 seconds, 8075.5 MB
[runlim] sample:		2419.9 seconds, 8100.5 MB
[runlim] sample:		2429.9 seconds, 8125.0 MB
[runlim] sample:		2439.9 seconds, 8145.8 MB
[runlim] sample:		2449.9 seconds, 8171.4 MB
[runlim] sample:		2459.9 seconds, 8193.3 MB
[runlim] sample:		2469.9 seconds, 8217.5 MB
[runlim] sample:		2479.9 seconds, 8242.3 MB
[runlim] sample:		2489.9 seconds, 8264.7 MB
[runlim] sample:		2499.9 seconds, 8288.8 MB
[runlim] sample:		2509.9 seconds, 8312.6 MB
[runlim] sample:		2519.9 seconds, 8336.9 MB
[runlim] sample:		2529.9 seconds, 8361.1 MB
[runlim] sample:		2539.9 seconds, 11020.5 MB
[runlim] sample:		2549.9 seconds, 11020.5 MB
[runlim] sample:		2559.9 seconds, 9724.1 MB
[runlim] sample:		2569.9 seconds, 9748.3 MB
[runlim] sample:		2579.9 seconds, 9770.1 MB
[runlim] sample:		2589.9 seconds, 9794.4 MB
[runlim] sample:		2599.9 seconds, 9818.8 MB
[runlim] sample:		2609.9 seconds, 9839.9 MB
[runlim] sample:		2619.9 seconds, 9863.6 MB
[runlim] sample:		2629.9 seconds, 9885.6 MB
[runlim] sample:		2639.9 seconds, 9910.4 MB
[runlim] sample:		2649.9 seconds, 9317.0 MB
[runlim] sample:		2659.9 seconds, 9982.2 MB
[runlim] sample:		2669.9 seconds, 10005.1 MB
[runlim] sample:		2679.9 seconds, 10029.4 MB
[runlim] sample:		2689.9 seconds, 10051.4 MB
[runlim] sample:		2699.9 seconds, 10075.9 MB
[runlim] sample:		2709.9 seconds, 10100.5 MB
[runlim] sample:		2719.9 seconds, 10122.7 MB
[runlim] sample:		2729.9 seconds, 10185.3 MB
[runlim] sample:		2739.9 seconds, 10189.3 MB
[runlim] sample:		2749.9 seconds, 10213.2 MB
[runlim] sample:		2759.9 seconds, 10294.3 MB
[runlim] sample:		2769.9 seconds, 10300.9 MB
[runlim] sample:		2779.9 seconds, 9456.0 MB
[runlim] sample:		2789.9 seconds, 10426.0 MB
[runlim] sample:		2799.9 seconds, 10704.5 MB
[runlim] sample:		2809.9 seconds, 10406.5 MB
[runlim] sample:		2819.9 seconds, 10430.8 MB
[runlim] sample:		2829.9 seconds, 10453.0 MB
[runlim] sample:		2839.9 seconds, 10476.8 MB
[runlim] sample:		2849.9 seconds, 10498.8 MB
[runlim] sample:		2859.9 seconds, 10522.4 MB
[runlim] sample:		2869.9 seconds, 10543.8 MB
[runlim] sample:		2879.9 seconds, 10568.2 MB
[runlim] sample:		2889.9 seconds, 10590.4 MB
[runlim] sample:		2899.9 seconds, 10615.6 MB
[runlim] sample:		2909.9 seconds, 10639.9 MB
[runlim] sample:		2919.9 seconds, 10663.5 MB
[runlim] sample:		2929.9 seconds, 10687.6 MB
[runlim] sample:		2939.9 seconds, 10712.0 MB
[runlim] sample:		2949.9 seconds, 10734.0 MB
[runlim] sample:		2959.9 seconds, 10757.9 MB
[runlim] sample:		2969.9 seconds, 10780.8 MB
[runlim] sample:		2979.9 seconds, 10805.7 MB
[runlim] sample:		2989.9 seconds, 10829.9 MB
[runlim] sample:		2999.9 seconds, 10852.8 MB
[runlim] sample:		3009.9 seconds, 10876.8 MB
[runlim] sample:		3019.9 seconds, 10898.7 MB
[runlim] sample:		3029.9 seconds, 10921.9 MB
[runlim] sample:		3039.9 seconds, 10945.1 MB
[runlim] sample:		3049.9 seconds, 10969.0 MB
[runlim] sample:		3059.9 seconds, 10992.0 MB
[runlim] sample:		3069.9 seconds, 11016.0 MB
[runlim] sample:		3079.9 seconds, 11038.5 MB
[runlim] sample:		3089.9 seconds, 11062.8 MB
[runlim] sample:		3099.9 seconds, 11086.6 MB
[runlim] sample:		3109.9 seconds, 11108.4 MB
[runlim] sample:		3119.9 seconds, 11131.1 MB
[runlim] sample:		3129.9 seconds, 11155.1 MB
[runlim] sample:		3139.9 seconds, 11179.8 MB
[runlim] sample:		3149.9 seconds, 10498.1 MB
[runlim] sample:		3159.9 seconds, 10910.9 MB
[runlim] sample:		3169.9 seconds, 11421.2 MB
[runlim] sample:		3179.9 seconds, 11296.0 MB
[runlim] sample:		3189.9 seconds, 11317.6 MB
[runlim] sample:		3199.9 seconds, 11341.0 MB
[runlim] sample:		3209.9 seconds, 11362.7 MB
[runlim] sample:		3219.9 seconds, 11386.4 MB
[runlim] sample:		3229.9 seconds, 11408.2 MB
[runlim] sample:		3239.9 seconds, 11431.8 MB
[runlim] sample:		3249.9 seconds, 11453.3 MB
[runlim] sample:		3259.9 seconds, 11477.3 MB
[runlim] sample:		3269.9 seconds, 11498.9 MB
[runlim] sample:		3279.9 seconds, 11522.3 MB
[runlim] sample:		3289.9 seconds, 11543.8 MB
[runlim] sample:		3299.9 seconds, 11567.5 MB
[runlim] sample:		3309.9 seconds, 11589.1 MB
[runlim] sample:		3319.9 seconds, 11612.8 MB
[runlim] sample:		3329.9 seconds, 11634.4 MB
[runlim] sample:		3339.9 seconds, 11658.5 MB
[runlim] sample:		3349.9 seconds, 11682.3 MB
[runlim] sample:		3359.9 seconds, 11703.7 MB
[runlim] sample:		3369.9 seconds, 11727.6 MB
[runlim] sample:		3379.9 seconds, 11749.1 MB
[runlim] sample:		3389.9 seconds, 11772.4 MB
[runlim] sample:		3399.9 seconds, 11793.9 MB
[runlim] sample:		3409.9 seconds, 11817.4 MB
[runlim] sample:		3419.9 seconds, 11839.1 MB
[runlim] sample:		3429.9 seconds, 10800.1 MB
[runlim] sample:		3439.9 seconds, 11231.2 MB
[runlim] sample:		3449.9 seconds, 11395.6 MB
[runlim] sample:		3459.9 seconds, 12039.7 MB
[runlim] sample:		3469.9 seconds, 12352.5 MB
[runlim] sample:		3479.9 seconds, 12672.6 MB
[runlim] sample:		3489.9 seconds, 11937.1 MB
[runlim] sample:		3499.9 seconds, 12045.8 MB
[runlim] sample:		3509.9 seconds, 12069.8 MB
[runlim] sample:		3519.9 seconds, 12092.8 MB
[runlim] sample:		3529.9 seconds, 12114.7 MB
[runlim] sample:		3539.9 seconds, 12136.4 MB
[runlim] sample:		3549.9 seconds, 12160.4 MB
[runlim] sample:		3559.9 seconds, 12181.9 MB
[runlim] sample:		3569.9 seconds, 12205.3 MB
[runlim] sample:		3579.9 seconds, 12227.1 MB
[runlim] sample:		3589.9 seconds, 12253.0 MB
[runlim] sample:		3599.9 seconds, 12276.3 MB
[runlim] end:			Tue Jan 15 08:02:49 2019
[runlim] status:		out of time
[runlim] result:		1
[runlim] children:		0
[runlim] real:			3600.78 seconds
[runlim] time:			3600.21 seconds
[runlim] space:			12852.4 MB
[runlim] samples:		36003
