[runlim] version:		1.7
[runlim] time limit:		3600 seconds
[runlim] real time limit:	311040000 seconds
[runlim] space limit:		20000 MB
[runlim] argv[0]:		python3
[runlim] argv[1]:		/es0/amicheli/pyrobustnessenvelopes/main.py
[runlim] argv[2]:		-o
[runlim] argv[3]:		/es0/amicheli/pyrobustnessenvelopes/results/generator_linear_06_3_envelope_nosimp.res
[runlim] argv[4]:		envelope
[runlim] argv[5]:		/es0/amicheli/pyrobustnessenvelopes/benchmarks/generator_linear/gen_linear_domain.pddl
[runlim] argv[6]:		/es0/amicheli/pyrobustnessenvelopes/benchmarks/generator_linear/gen_linear_prob06.pddl
[runlim] argv[7]:		/es0/amicheli/pyrobustnessenvelopes/benchmarks/generator_linear/stns_params_with_values/output06_3pram.stn
[runlim] argv[8]:		-d
[runlim] argv[9]:		-S
[runlim] argv[10]:		partial
[runlim] argv[11]:		-s
[runlim] argv[12]:		msat
[runlim] argv[13]:		-e
[runlim] argv[14]:		-q
[runlim] argv[15]:		msat_lw
[runlim] argv[16]:		-c
[runlim] start:			Mon Jan 14 18:43:34 2019
[runlim] main pid:		5186
[runlim] sample:		10.0 seconds, 79.8 MB
[runlim] sample:		20.0 seconds, 80.2 MB
[runlim] sample:		30.0 seconds, 86.9 MB
[runlim] sample:		40.0 seconds, 124.2 MB
[runlim] sample:		50.0 seconds, 204.1 MB
[runlim] sample:		60.0 seconds, 282.3 MB
[runlim] sample:		69.9 seconds, 327.7 MB
[runlim] sample:		79.9 seconds, 392.9 MB
[runlim] sample:		89.9 seconds, 457.0 MB
[runlim] sample:		99.9 seconds, 517.0 MB
[runlim] sample:		109.9 seconds, 568.2 MB
[runlim] sample:		119.9 seconds, 538.4 MB
[runlim] sample:		129.9 seconds, 639.5 MB
[runlim] sample:		139.9 seconds, 756.8 MB
[runlim] sample:		149.9 seconds, 796.5 MB
[runlim] sample:		159.9 seconds, 844.0 MB
[runlim] sample:		169.9 seconds, 876.7 MB
[runlim] sample:		179.9 seconds, 917.9 MB
[runlim] sample:		189.9 seconds, 962.7 MB
[runlim] sample:		199.9 seconds, 994.0 MB
[runlim] sample:		209.9 seconds, 1025.7 MB
[runlim] sample:		219.9 seconds, 960.3 MB
[runlim] sample:		229.9 seconds, 1112.2 MB
[runlim] sample:		239.9 seconds, 1075.4 MB
[runlim] sample:		249.9 seconds, 1153.4 MB
[runlim] sample:		259.9 seconds, 1225.5 MB
[runlim] sample:		269.9 seconds, 1253.2 MB
[runlim] sample:		279.9 seconds, 1413.1 MB
[runlim] sample:		289.9 seconds, 1435.8 MB
[runlim] sample:		299.9 seconds, 1457.1 MB
[runlim] sample:		309.9 seconds, 1457.1 MB
[runlim] sample:		319.9 seconds, 1357.8 MB
[runlim] sample:		329.9 seconds, 1357.8 MB
[runlim] sample:		339.9 seconds, 1357.8 MB
[runlim] sample:		349.9 seconds, 1366.0 MB
[runlim] sample:		359.9 seconds, 1399.0 MB
[runlim] sample:		369.9 seconds, 1403.5 MB
[runlim] sample:		379.9 seconds, 1417.8 MB
[runlim] sample:		389.9 seconds, 1427.8 MB
[runlim] sample:		399.9 seconds, 1443.2 MB
[runlim] sample:		409.9 seconds, 1488.4 MB
[runlim] sample:		419.9 seconds, 1505.5 MB
[runlim] sample:		429.9 seconds, 1493.2 MB
[runlim] sample:		439.9 seconds, 1501.1 MB
[runlim] sample:		449.9 seconds, 1524.5 MB
[runlim] sample:		459.9 seconds, 1542.4 MB
[runlim] sample:		469.8 seconds, 1554.2 MB
[runlim] sample:		479.9 seconds, 1556.2 MB
[runlim] sample:		489.9 seconds, 1558.4 MB
[runlim] sample:		499.8 seconds, 1573.7 MB
[runlim] sample:		509.8 seconds, 1581.7 MB
[runlim] sample:		519.9 seconds, 1557.9 MB
[runlim] sample:		529.8 seconds, 1598.2 MB
[runlim] sample:		539.8 seconds, 1638.6 MB
[runlim] sample:		549.8 seconds, 1624.6 MB
[runlim] sample:		559.8 seconds, 1650.3 MB
[runlim] sample:		569.8 seconds, 1667.8 MB
[runlim] sample:		579.8 seconds, 1674.1 MB
[runlim] sample:		589.8 seconds, 1678.9 MB
[runlim] sample:		599.8 seconds, 1679.1 MB
[runlim] sample:		609.8 seconds, 1700.1 MB
[runlim] sample:		619.8 seconds, 1700.2 MB
[runlim] sample:		629.8 seconds, 1702.0 MB
[runlim] sample:		639.8 seconds, 1706.8 MB
[runlim] sample:		649.8 seconds, 1793.2 MB
[runlim] sample:		659.8 seconds, 1270.5 MB
[runlim] sample:		669.8 seconds, 1270.5 MB
[runlim] sample:		679.8 seconds, 1270.5 MB
[runlim] sample:		689.8 seconds, 1270.5 MB
[runlim] sample:		699.8 seconds, 1270.5 MB
[runlim] sample:		709.8 seconds, 1270.6 MB
[runlim] sample:		719.8 seconds, 1270.6 MB
[runlim] sample:		729.8 seconds, 1272.6 MB
[runlim] sample:		739.8 seconds, 1272.6 MB
[runlim] sample:		749.8 seconds, 1272.6 MB
[runlim] sample:		759.8 seconds, 1272.6 MB
[runlim] sample:		769.8 seconds, 1272.6 MB
[runlim] sample:		779.8 seconds, 1272.6 MB
[runlim] sample:		789.8 seconds, 1272.6 MB
[runlim] sample:		799.8 seconds, 1272.6 MB
[runlim] sample:		809.8 seconds, 1301.1 MB
[runlim] sample:		819.8 seconds, 1385.4 MB
[runlim] sample:		829.8 seconds, 1387.5 MB
[runlim] sample:		839.8 seconds, 1387.5 MB
[runlim] sample:		849.8 seconds, 1389.4 MB
[runlim] sample:		859.8 seconds, 1391.5 MB
[runlim] sample:		869.8 seconds, 1391.4 MB
[runlim] sample:		879.8 seconds, 1393.5 MB
[runlim] sample:		889.8 seconds, 1393.5 MB
[runlim] sample:		899.8 seconds, 1395.5 MB
[runlim] sample:		909.8 seconds, 1397.5 MB
[runlim] sample:		919.8 seconds, 1397.4 MB
[runlim] sample:		929.8 seconds, 1399.4 MB
[runlim] sample:		939.8 seconds, 1399.5 MB
[runlim] sample:		949.8 seconds, 1401.5 MB
[runlim] sample:		959.8 seconds, 1401.5 MB
[runlim] sample:		969.8 seconds, 1403.5 MB
[runlim] sample:		979.8 seconds, 1403.5 MB
[runlim] sample:		989.8 seconds, 1405.4 MB
[runlim] sample:		999.8 seconds, 1405.5 MB
[runlim] sample:		1009.8 seconds, 1406.5 MB
[runlim] sample:		1019.8 seconds, 1406.5 MB
[runlim] sample:		1029.8 seconds, 1356.4 MB
[runlim] sample:		1039.8 seconds, 1285.4 MB
[runlim] sample:		1049.8 seconds, 1299.2 MB
[runlim] sample:		1059.8 seconds, 1299.2 MB
[runlim] sample:		1069.8 seconds, 1311.1 MB
[runlim] sample:		1079.8 seconds, 1451.5 MB
[runlim] sample:		1089.8 seconds, 1508.3 MB
[runlim] sample:		1099.8 seconds, 1508.4 MB
[runlim] sample:		1109.8 seconds, 1508.4 MB
[runlim] sample:		1119.8 seconds, 1508.4 MB
[runlim] sample:		1129.8 seconds, 1508.4 MB
[runlim] sample:		1139.8 seconds, 1508.4 MB
[runlim] sample:		1149.8 seconds, 1508.4 MB
[runlim] sample:		1159.8 seconds, 1508.4 MB
[runlim] sample:		1169.8 seconds, 1508.4 MB
[runlim] sample:		1179.8 seconds, 1508.4 MB
[runlim] sample:		1189.8 seconds, 1508.4 MB
[runlim] sample:		1199.8 seconds, 1508.4 MB
[runlim] sample:		1209.8 seconds, 1508.4 MB
[runlim] sample:		1219.8 seconds, 1508.4 MB
[runlim] sample:		1229.8 seconds, 1508.4 MB
[runlim] sample:		1239.8 seconds, 1508.4 MB
[runlim] sample:		1249.8 seconds, 1508.4 MB
[runlim] sample:		1259.8 seconds, 1508.4 MB
[runlim] sample:		1269.8 seconds, 1508.4 MB
[runlim] sample:		1279.8 seconds, 1508.4 MB
[runlim] sample:		1289.8 seconds, 1508.4 MB
[runlim] sample:		1299.8 seconds, 1508.4 MB
[runlim] sample:		1309.8 seconds, 1508.4 MB
[runlim] sample:		1319.8 seconds, 1508.4 MB
[runlim] sample:		1329.8 seconds, 1508.4 MB
[runlim] sample:		1339.8 seconds, 1508.4 MB
[runlim] sample:		1349.8 seconds, 1508.4 MB
[runlim] sample:		1359.8 seconds, 1508.4 MB
[runlim] sample:		1369.8 seconds, 1508.4 MB
[runlim] sample:		1379.8 seconds, 1508.4 MB
[runlim] sample:		1389.8 seconds, 1508.4 MB
[runlim] sample:		1399.8 seconds, 1508.4 MB
[runlim] sample:		1409.8 seconds, 1508.4 MB
[runlim] sample:		1419.8 seconds, 1508.4 MB
[runlim] sample:		1429.8 seconds, 1508.4 MB
[runlim] sample:		1439.8 seconds, 1508.4 MB
[runlim] sample:		1449.8 seconds, 1508.4 MB
[runlim] sample:		1459.8 seconds, 1508.4 MB
[runlim] sample:		1469.8 seconds, 1508.4 MB
[runlim] sample:		1479.8 seconds, 1508.4 MB
[runlim] sample:		1489.8 seconds, 1508.4 MB
[runlim] sample:		1499.8 seconds, 1508.4 MB
[runlim] sample:		1509.8 seconds, 1508.4 MB
[runlim] sample:		1519.8 seconds, 1508.4 MB
[runlim] sample:		1529.8 seconds, 1508.4 MB
[runlim] sample:		1539.8 seconds, 1508.4 MB
[runlim] sample:		1549.8 seconds, 1508.4 MB
[runlim] sample:		1559.8 seconds, 1508.4 MB
[runlim] sample:		1569.8 seconds, 1508.4 MB
[runlim] sample:		1579.8 seconds, 1508.4 MB
[runlim] sample:		1589.8 seconds, 1508.4 MB
[runlim] sample:		1599.8 seconds, 1508.4 MB
[runlim] sample:		1609.8 seconds, 1508.4 MB
[runlim] sample:		1619.8 seconds, 1508.4 MB
[runlim] sample:		1629.8 seconds, 1508.4 MB
[runlim] sample:		1639.8 seconds, 1508.4 MB
[runlim] sample:		1649.8 seconds, 1508.4 MB
[runlim] sample:		1659.8 seconds, 1508.4 MB
[runlim] sample:		1669.8 seconds, 1508.4 MB
[runlim] sample:		1679.8 seconds, 1508.4 MB
[runlim] sample:		1689.8 seconds, 1508.4 MB
[runlim] sample:		1699.8 seconds, 1508.4 MB
[runlim] sample:		1709.8 seconds, 1508.4 MB
[runlim] sample:		1719.8 seconds, 1508.4 MB
[runlim] sample:		1729.8 seconds, 1508.4 MB
[runlim] sample:		1739.8 seconds, 1508.4 MB
[runlim] sample:		1749.8 seconds, 1508.4 MB
[runlim] sample:		1759.8 seconds, 1508.4 MB
[runlim] sample:		1769.8 seconds, 1508.4 MB
[runlim] sample:		1779.8 seconds, 1508.4 MB
[runlim] sample:		1789.8 seconds, 1509.2 MB
[runlim] sample:		1799.8 seconds, 1509.2 MB
[runlim] sample:		1809.8 seconds, 1509.2 MB
[runlim] sample:		1819.8 seconds, 1509.2 MB
[runlim] sample:		1829.8 seconds, 1509.2 MB
[runlim] sample:		1839.8 seconds, 1509.2 MB
[runlim] sample:		1849.8 seconds, 1509.2 MB
[runlim] sample:		1859.8 seconds, 1509.3 MB
[runlim] sample:		1869.8 seconds, 1509.3 MB
[runlim] sample:		1879.8 seconds, 1509.3 MB
[runlim] sample:		1889.8 seconds, 1509.3 MB
[runlim] sample:		1899.8 seconds, 1509.3 MB
[runlim] sample:		1909.8 seconds, 1509.3 MB
[runlim] sample:		1919.8 seconds, 1509.3 MB
[runlim] sample:		1929.8 seconds, 1509.3 MB
[runlim] sample:		1939.8 seconds, 1509.3 MB
[runlim] sample:		1949.8 seconds, 1509.3 MB
[runlim] sample:		1959.8 seconds, 1509.3 MB
[runlim] sample:		1969.8 seconds, 1509.3 MB
[runlim] sample:		1979.8 seconds, 1509.3 MB
[runlim] sample:		1989.8 seconds, 1509.3 MB
[runlim] sample:		1999.8 seconds, 1509.3 MB
[runlim] sample:		2009.8 seconds, 1509.3 MB
[runlim] sample:		2019.8 seconds, 1509.3 MB
[runlim] sample:		2029.8 seconds, 1509.3 MB
[runlim] sample:		2039.8 seconds, 1509.3 MB
[runlim] sample:		2049.8 seconds, 1509.3 MB
[runlim] sample:		2059.8 seconds, 1509.3 MB
[runlim] sample:		2069.8 seconds, 1509.3 MB
[runlim] sample:		2079.8 seconds, 1509.3 MB
[runlim] sample:		2089.8 seconds, 1509.3 MB
[runlim] sample:		2099.8 seconds, 1509.3 MB
[runlim] sample:		2109.8 seconds, 1509.3 MB
[runlim] sample:		2119.8 seconds, 1509.3 MB
[runlim] sample:		2129.8 seconds, 1509.3 MB
[runlim] sample:		2139.8 seconds, 1509.3 MB
[runlim] sample:		2149.8 seconds, 1509.3 MB
[runlim] sample:		2159.8 seconds, 1509.3 MB
[runlim] sample:		2169.8 seconds, 1509.3 MB
[runlim] sample:		2179.8 seconds, 1509.3 MB
[runlim] sample:		2189.8 seconds, 1509.3 MB
[runlim] sample:		2199.8 seconds, 1509.3 MB
[runlim] sample:		2209.8 seconds, 1509.3 MB
[runlim] sample:		2219.8 seconds, 1509.3 MB
[runlim] sample:		2229.8 seconds, 1509.3 MB
[runlim] sample:		2239.8 seconds, 1509.3 MB
[runlim] sample:		2249.8 seconds, 1509.3 MB
[runlim] sample:		2259.8 seconds, 1509.3 MB
[runlim] sample:		2269.8 seconds, 1509.3 MB
[runlim] sample:		2279.8 seconds, 1509.3 MB
[runlim] sample:		2289.8 seconds, 1509.3 MB
[runlim] sample:		2299.8 seconds, 1509.3 MB
[runlim] sample:		2309.8 seconds, 1509.3 MB
[runlim] sample:		2319.8 seconds, 1509.3 MB
[runlim] sample:		2329.8 seconds, 1509.3 MB
[runlim] sample:		2339.8 seconds, 1509.3 MB
[runlim] sample:		2349.8 seconds, 1509.3 MB
[runlim] sample:		2359.8 seconds, 1509.3 MB
[runlim] sample:		2369.8 seconds, 1509.3 MB
[runlim] sample:		2379.8 seconds, 1509.3 MB
[runlim] sample:		2389.8 seconds, 1509.3 MB
[runlim] sample:		2399.8 seconds, 1509.3 MB
[runlim] sample:		2409.8 seconds, 1509.3 MB
[runlim] sample:		2419.8 seconds, 1509.3 MB
[runlim] sample:		2429.8 seconds, 1509.3 MB
[runlim] sample:		2439.8 seconds, 1509.3 MB
[runlim] sample:		2449.8 seconds, 1509.3 MB
[runlim] sample:		2459.8 seconds, 1509.3 MB
[runlim] sample:		2469.8 seconds, 1509.3 MB
[runlim] sample:		2479.8 seconds, 1509.3 MB
[runlim] sample:		2489.8 seconds, 1509.3 MB
[runlim] sample:		2499.8 seconds, 1509.3 MB
[runlim] sample:		2509.8 seconds, 1509.3 MB
[runlim] sample:		2519.8 seconds, 1509.3 MB
[runlim] sample:		2529.8 seconds, 1509.3 MB
[runlim] sample:		2539.8 seconds, 1509.3 MB
[runlim] sample:		2549.8 seconds, 1509.3 MB
[runlim] sample:		2559.8 seconds, 1509.3 MB
[runlim] sample:		2569.8 seconds, 1509.3 MB
[runlim] sample:		2579.8 seconds, 1509.3 MB
[runlim] sample:		2589.8 seconds, 1509.3 MB
[runlim] sample:		2599.8 seconds, 1509.3 MB
[runlim] sample:		2609.8 seconds, 1509.3 MB
[runlim] sample:		2619.8 seconds, 1509.3 MB
[runlim] sample:		2629.8 seconds, 1509.3 MB
[runlim] sample:		2639.8 seconds, 1509.3 MB
[runlim] sample:		2649.8 seconds, 1509.3 MB
[runlim] sample:		2659.8 seconds, 1509.3 MB
[runlim] sample:		2669.8 seconds, 1509.3 MB
[runlim] sample:		2679.8 seconds, 1509.3 MB
[runlim] sample:		2689.8 seconds, 1509.3 MB
[runlim] sample:		2699.8 seconds, 1509.3 MB
[runlim] sample:		2709.8 seconds, 1509.3 MB
[runlim] sample:		2719.8 seconds, 1509.3 MB
[runlim] sample:		2729.8 seconds, 1509.3 MB
[runlim] sample:		2739.8 seconds, 1509.3 MB
[runlim] sample:		2749.8 seconds, 1509.3 MB
[runlim] sample:		2759.8 seconds, 1509.3 MB
[runlim] sample:		2769.8 seconds, 1509.3 MB
[runlim] sample:		2779.8 seconds, 1509.3 MB
[runlim] sample:		2789.8 seconds, 1509.3 MB
[runlim] sample:		2799.8 seconds, 1509.3 MB
[runlim] sample:		2809.8 seconds, 1509.3 MB
[runlim] sample:		2819.8 seconds, 1509.3 MB
[runlim] sample:		2829.8 seconds, 1509.3 MB
[runlim] sample:		2839.8 seconds, 1509.3 MB
[runlim] sample:		2849.8 seconds, 1509.3 MB
[runlim] sample:		2859.8 seconds, 1509.3 MB
[runlim] sample:		2869.8 seconds, 1509.3 MB
[runlim] sample:		2879.8 seconds, 1509.3 MB
[runlim] sample:		2889.8 seconds, 1509.3 MB
[runlim] sample:		2899.8 seconds, 1509.3 MB
[runlim] sample:		2909.8 seconds, 1509.3 MB
[runlim] sample:		2919.8 seconds, 1509.3 MB
[runlim] sample:		2929.8 seconds, 1509.3 MB
[runlim] sample:		2939.8 seconds, 1509.3 MB
[runlim] sample:		2949.8 seconds, 1509.3 MB
[runlim] sample:		2959.8 seconds, 1509.3 MB
[runlim] sample:		2969.8 seconds, 1509.3 MB
[runlim] sample:		2979.8 seconds, 1509.3 MB
[runlim] sample:		2989.8 seconds, 1509.3 MB
[runlim] sample:		2999.8 seconds, 1509.3 MB
[runlim] sample:		3009.8 seconds, 1509.3 MB
[runlim] sample:		3019.8 seconds, 1509.3 MB
[runlim] sample:		3029.8 seconds, 1509.3 MB
[runlim] sample:		3039.8 seconds, 1509.3 MB
[runlim] sample:		3049.8 seconds, 1509.3 MB
[runlim] sample:		3059.8 seconds, 1509.3 MB
[runlim] sample:		3069.8 seconds, 1509.3 MB
[runlim] sample:		3079.8 seconds, 1509.3 MB
[runlim] sample:		3089.8 seconds, 1509.3 MB
[runlim] sample:		3099.8 seconds, 1509.3 MB
[runlim] sample:		3109.8 seconds, 1509.3 MB
[runlim] sample:		3119.8 seconds, 1509.3 MB
[runlim] sample:		3129.8 seconds, 1509.3 MB
[runlim] sample:		3139.8 seconds, 1509.3 MB
[runlim] sample:		3149.8 seconds, 1509.3 MB
[runlim] sample:		3159.8 seconds, 1509.3 MB
[runlim] sample:		3169.8 seconds, 1509.3 MB
[runlim] sample:		3179.8 seconds, 1509.3 MB
[runlim] sample:		3189.8 seconds, 1509.3 MB
[runlim] sample:		3199.8 seconds, 1509.3 MB
[runlim] sample:		3209.8 seconds, 1509.3 MB
[runlim] sample:		3219.8 seconds, 1509.3 MB
[runlim] sample:		3229.8 seconds, 1509.3 MB
[runlim] sample:		3239.8 seconds, 1509.3 MB
[runlim] sample:		3249.8 seconds, 1509.3 MB
[runlim] sample:		3259.8 seconds, 1509.3 MB
[runlim] sample:		3269.8 seconds, 1509.3 MB
[runlim] sample:		3279.8 seconds, 1509.3 MB
[runlim] sample:		3289.8 seconds, 1509.3 MB
[runlim] sample:		3299.8 seconds, 1509.3 MB
[runlim] sample:		3309.8 seconds, 1509.3 MB
[runlim] sample:		3319.8 seconds, 1509.3 MB
[runlim] sample:		3329.8 seconds, 1509.3 MB
[runlim] sample:		3339.8 seconds, 1509.3 MB
[runlim] sample:		3349.8 seconds, 1509.3 MB
[runlim] sample:		3359.8 seconds, 1509.3 MB
[runlim] sample:		3369.8 seconds, 1509.3 MB
[runlim] sample:		3379.8 seconds, 1509.3 MB
[runlim] sample:		3389.8 seconds, 1509.3 MB
[runlim] sample:		3399.8 seconds, 1509.3 MB
[runlim] sample:		3409.8 seconds, 1509.3 MB
[runlim] sample:		3419.8 seconds, 1509.3 MB
[runlim] sample:		3429.8 seconds, 1509.3 MB
[runlim] sample:		3439.7 seconds, 1509.3 MB
[runlim] sample:		3449.7 seconds, 1509.3 MB
[runlim] sample:		3459.7 seconds, 1509.3 MB
[runlim] sample:		3469.7 seconds, 1509.3 MB
[runlim] sample:		3479.7 seconds, 1509.3 MB
[runlim] sample:		3489.7 seconds, 1509.3 MB
[runlim] sample:		3499.7 seconds, 1509.3 MB
[runlim] sample:		3509.7 seconds, 1509.3 MB
[runlim] sample:		3519.7 seconds, 1509.3 MB
[runlim] sample:		3529.7 seconds, 1509.3 MB
[runlim] sample:		3539.7 seconds, 1509.3 MB
[runlim] sample:		3549.7 seconds, 1509.3 MB
[runlim] sample:		3559.7 seconds, 1509.3 MB
[runlim] sample:		3569.7 seconds, 1509.3 MB
[runlim] sample:		3579.7 seconds, 1509.3 MB
[runlim] sample:		3589.7 seconds, 1509.3 MB
[runlim] sample:		3599.7 seconds, 1509.3 MB
[runlim] end:			Mon Jan 14 19:43:34 2019
[runlim] status:		out of time
[runlim] result:		1
[runlim] children:		0
[runlim] real:			3600.49 seconds
[runlim] time:			3600.04 seconds
[runlim] space:			1802.0 MB
[runlim] samples:		36003
