[runlim] version:		1.7
[runlim] time limit:		3600 seconds
[runlim] real time limit:	311040000 seconds
[runlim] space limit:		20000 MB
[runlim] argv[0]:		python3
[runlim] argv[1]:		/es0/amicheli/pyrobustnessenvelopes/main.py
[runlim] argv[2]:		-o
[runlim] argv[3]:		/es0/amicheli/pyrobustnessenvelopes/results/generator_linear_09_2_construct_simp.res
[runlim] argv[4]:		construct
[runlim] argv[5]:		/es0/amicheli/pyrobustnessenvelopes/benchmarks/generator_linear/gen_linear_domain.pddl
[runlim] argv[6]:		/es0/amicheli/pyrobustnessenvelopes/benchmarks/generator_linear/gen_linear_prob09.pddl
[runlim] argv[7]:		/es0/amicheli/pyrobustnessenvelopes/benchmarks/generator_linear/stns_params_with_values/output09_2pram.stn
[runlim] argv[8]:		-d
[runlim] argv[9]:		-S
[runlim] argv[10]:		monolithic
[runlim] argv[11]:		-s
[runlim] argv[12]:		z3
[runlim] argv[13]:		-q
[runlim] argv[14]:		msat_lw
[runlim] start:			Mon Jan 14 18:43:34 2019
[runlim] main pid:		121240
[runlim] sample:		10.0 seconds, 66.7 MB
[runlim] sample:		20.0 seconds, 72.0 MB
[runlim] sample:		30.0 seconds, 74.9 MB
[runlim] sample:		40.0 seconds, 76.2 MB
[runlim] sample:		50.0 seconds, 79.7 MB
[runlim] sample:		60.0 seconds, 83.7 MB
[runlim] sample:		69.9 seconds, 85.3 MB
[runlim] sample:		79.9 seconds, 85.4 MB
[runlim] sample:		89.9 seconds, 85.9 MB
[runlim] sample:		99.9 seconds, 85.9 MB
[runlim] sample:		109.9 seconds, 85.9 MB
[runlim] sample:		119.9 seconds, 85.9 MB
[runlim] sample:		129.9 seconds, 87.0 MB
[runlim] sample:		139.9 seconds, 87.0 MB
[runlim] sample:		149.9 seconds, 96.2 MB
[runlim] sample:		159.9 seconds, 98.5 MB
[runlim] sample:		169.9 seconds, 98.5 MB
[runlim] sample:		179.9 seconds, 98.6 MB
[runlim] sample:		189.9 seconds, 98.6 MB
[runlim] sample:		199.9 seconds, 98.7 MB
[runlim] sample:		209.9 seconds, 98.7 MB
[runlim] sample:		219.9 seconds, 98.7 MB
[runlim] sample:		229.9 seconds, 98.7 MB
[runlim] sample:		239.9 seconds, 98.7 MB
[runlim] sample:		249.9 seconds, 100.8 MB
[runlim] sample:		259.9 seconds, 100.8 MB
[runlim] sample:		269.9 seconds, 100.8 MB
[runlim] sample:		279.9 seconds, 100.8 MB
[runlim] sample:		289.9 seconds, 100.8 MB
[runlim] sample:		299.9 seconds, 101.0 MB
[runlim] sample:		309.9 seconds, 101.0 MB
[runlim] sample:		319.9 seconds, 101.0 MB
[runlim] sample:		329.9 seconds, 101.0 MB
[runlim] sample:		339.9 seconds, 101.0 MB
[runlim] sample:		349.9 seconds, 101.0 MB
[runlim] sample:		359.9 seconds, 101.0 MB
[runlim] sample:		369.9 seconds, 101.0 MB
[runlim] sample:		379.9 seconds, 101.0 MB
[runlim] sample:		389.9 seconds, 101.0 MB
[runlim] sample:		399.9 seconds, 101.0 MB
[runlim] sample:		409.9 seconds, 101.0 MB
[runlim] sample:		419.9 seconds, 101.0 MB
[runlim] sample:		429.9 seconds, 101.0 MB
[runlim] sample:		439.9 seconds, 101.0 MB
[runlim] sample:		449.9 seconds, 101.0 MB
[runlim] sample:		459.9 seconds, 101.0 MB
[runlim] sample:		469.9 seconds, 101.0 MB
[runlim] sample:		479.9 seconds, 101.0 MB
[runlim] sample:		489.9 seconds, 101.0 MB
[runlim] sample:		499.9 seconds, 101.0 MB
[runlim] sample:		509.9 seconds, 101.0 MB
[runlim] sample:		519.9 seconds, 101.0 MB
[runlim] sample:		529.9 seconds, 101.0 MB
[runlim] sample:		539.9 seconds, 101.0 MB
[runlim] sample:		549.9 seconds, 101.0 MB
[runlim] sample:		559.9 seconds, 101.0 MB
[runlim] sample:		569.9 seconds, 101.0 MB
[runlim] sample:		579.9 seconds, 101.0 MB
[runlim] sample:		589.9 seconds, 101.8 MB
[runlim] sample:		599.9 seconds, 102.0 MB
[runlim] sample:		609.9 seconds, 102.0 MB
[runlim] sample:		619.9 seconds, 102.0 MB
[runlim] sample:		629.9 seconds, 102.0 MB
[runlim] sample:		639.9 seconds, 102.0 MB
[runlim] sample:		649.9 seconds, 102.0 MB
[runlim] sample:		659.9 seconds, 102.0 MB
[runlim] sample:		669.9 seconds, 102.0 MB
[runlim] sample:		679.9 seconds, 102.0 MB
[runlim] sample:		689.9 seconds, 102.0 MB
[runlim] sample:		699.9 seconds, 102.0 MB
[runlim] sample:		709.9 seconds, 102.0 MB
[runlim] sample:		719.9 seconds, 102.0 MB
[runlim] sample:		729.9 seconds, 102.0 MB
[runlim] sample:		739.9 seconds, 102.0 MB
[runlim] sample:		749.9 seconds, 102.0 MB
[runlim] sample:		759.9 seconds, 102.0 MB
[runlim] sample:		769.9 seconds, 102.0 MB
[runlim] sample:		779.9 seconds, 102.0 MB
[runlim] sample:		789.9 seconds, 102.0 MB
[runlim] sample:		799.9 seconds, 102.0 MB
[runlim] sample:		809.9 seconds, 102.0 MB
[runlim] sample:		819.9 seconds, 102.0 MB
[runlim] sample:		829.9 seconds, 102.0 MB
[runlim] sample:		839.9 seconds, 102.0 MB
[runlim] sample:		849.9 seconds, 102.0 MB
[runlim] sample:		859.9 seconds, 102.0 MB
[runlim] sample:		869.9 seconds, 102.7 MB
[runlim] sample:		879.9 seconds, 102.7 MB
[runlim] sample:		889.9 seconds, 102.7 MB
[runlim] sample:		899.9 seconds, 105.5 MB
[runlim] sample:		909.9 seconds, 106.3 MB
[runlim] sample:		919.9 seconds, 106.3 MB
[runlim] sample:		929.9 seconds, 106.3 MB
[runlim] sample:		939.9 seconds, 106.3 MB
[runlim] sample:		949.9 seconds, 106.6 MB
[runlim] sample:		959.9 seconds, 106.7 MB
[runlim] sample:		969.9 seconds, 106.7 MB
[runlim] sample:		979.9 seconds, 113.1 MB
[runlim] sample:		989.9 seconds, 113.1 MB
[runlim] sample:		999.9 seconds, 113.3 MB
[runlim] sample:		1009.9 seconds, 113.3 MB
[runlim] sample:		1019.9 seconds, 113.3 MB
[runlim] sample:		1029.9 seconds, 113.3 MB
[runlim] sample:		1039.9 seconds, 113.3 MB
[runlim] sample:		1049.9 seconds, 113.3 MB
[runlim] sample:		1059.9 seconds, 113.3 MB
[runlim] sample:		1069.9 seconds, 113.3 MB
[runlim] sample:		1079.9 seconds, 113.3 MB
[runlim] sample:		1089.9 seconds, 113.3 MB
[runlim] sample:		1099.9 seconds, 113.3 MB
[runlim] sample:		1109.9 seconds, 113.3 MB
[runlim] sample:		1119.9 seconds, 113.3 MB
[runlim] sample:		1129.9 seconds, 113.3 MB
[runlim] sample:		1139.9 seconds, 113.3 MB
[runlim] sample:		1149.9 seconds, 113.3 MB
[runlim] sample:		1159.9 seconds, 113.3 MB
[runlim] sample:		1169.9 seconds, 113.3 MB
[runlim] sample:		1179.9 seconds, 113.3 MB
[runlim] sample:		1189.9 seconds, 113.3 MB
[runlim] sample:		1199.9 seconds, 113.3 MB
[runlim] sample:		1209.9 seconds, 113.3 MB
[runlim] sample:		1219.9 seconds, 113.3 MB
[runlim] sample:		1229.9 seconds, 113.3 MB
[runlim] sample:		1239.9 seconds, 113.7 MB
[runlim] sample:		1249.9 seconds, 113.7 MB
[runlim] sample:		1259.9 seconds, 113.9 MB
[runlim] sample:		1269.9 seconds, 113.9 MB
[runlim] sample:		1279.9 seconds, 113.9 MB
[runlim] sample:		1289.9 seconds, 113.9 MB
[runlim] sample:		1299.9 seconds, 113.9 MB
[runlim] sample:		1309.9 seconds, 113.9 MB
[runlim] sample:		1319.9 seconds, 113.9 MB
[runlim] sample:		1329.9 seconds, 113.9 MB
[runlim] sample:		1339.9 seconds, 113.9 MB
[runlim] sample:		1349.9 seconds, 113.9 MB
[runlim] sample:		1359.9 seconds, 113.9 MB
[runlim] sample:		1369.9 seconds, 113.9 MB
[runlim] sample:		1379.9 seconds, 113.9 MB
[runlim] sample:		1389.9 seconds, 113.9 MB
[runlim] sample:		1399.9 seconds, 113.9 MB
[runlim] sample:		1409.9 seconds, 113.9 MB
[runlim] sample:		1419.9 seconds, 113.9 MB
[runlim] sample:		1429.9 seconds, 113.9 MB
[runlim] sample:		1439.9 seconds, 113.9 MB
[runlim] sample:		1449.9 seconds, 113.9 MB
[runlim] sample:		1459.9 seconds, 113.9 MB
[runlim] sample:		1469.9 seconds, 113.9 MB
[runlim] sample:		1479.9 seconds, 113.9 MB
[runlim] sample:		1489.9 seconds, 115.6 MB
[runlim] sample:		1499.9 seconds, 115.6 MB
[runlim] sample:		1509.9 seconds, 115.6 MB
[runlim] sample:		1519.9 seconds, 115.6 MB
[runlim] sample:		1529.9 seconds, 115.6 MB
[runlim] sample:		1539.9 seconds, 115.6 MB
[runlim] sample:		1549.9 seconds, 115.7 MB
[runlim] sample:		1559.9 seconds, 115.7 MB
[runlim] sample:		1569.9 seconds, 115.7 MB
[runlim] sample:		1579.9 seconds, 115.7 MB
[runlim] sample:		1589.9 seconds, 115.7 MB
[runlim] sample:		1599.9 seconds, 115.7 MB
[runlim] sample:		1609.9 seconds, 115.7 MB
[runlim] sample:		1619.9 seconds, 115.7 MB
[runlim] sample:		1629.9 seconds, 115.7 MB
[runlim] sample:		1639.9 seconds, 116.0 MB
[runlim] sample:		1649.9 seconds, 119.3 MB
[runlim] sample:		1659.9 seconds, 119.3 MB
[runlim] sample:		1669.9 seconds, 119.3 MB
[runlim] sample:		1679.9 seconds, 119.4 MB
[runlim] sample:		1689.9 seconds, 119.4 MB
[runlim] sample:		1699.9 seconds, 119.4 MB
[runlim] sample:		1709.9 seconds, 119.4 MB
[runlim] sample:		1719.9 seconds, 119.4 MB
[runlim] sample:		1729.9 seconds, 119.4 MB
[runlim] sample:		1739.9 seconds, 119.4 MB
[runlim] sample:		1749.9 seconds, 119.4 MB
[runlim] sample:		1759.9 seconds, 119.4 MB
[runlim] sample:		1769.9 seconds, 119.4 MB
[runlim] sample:		1779.9 seconds, 119.4 MB
[runlim] sample:		1789.9 seconds, 119.4 MB
[runlim] sample:		1799.9 seconds, 119.4 MB
[runlim] sample:		1809.9 seconds, 119.4 MB
[runlim] sample:		1819.9 seconds, 119.4 MB
[runlim] sample:		1829.9 seconds, 119.4 MB
[runlim] sample:		1839.9 seconds, 119.4 MB
[runlim] sample:		1849.9 seconds, 119.4 MB
[runlim] sample:		1859.9 seconds, 119.8 MB
[runlim] sample:		1869.9 seconds, 119.8 MB
[runlim] sample:		1879.9 seconds, 119.8 MB
[runlim] sample:		1889.9 seconds, 119.8 MB
[runlim] sample:		1899.9 seconds, 119.8 MB
[runlim] sample:		1909.9 seconds, 119.8 MB
[runlim] sample:		1919.9 seconds, 119.9 MB
[runlim] sample:		1929.9 seconds, 119.9 MB
[runlim] sample:		1939.9 seconds, 119.9 MB
[runlim] sample:		1949.9 seconds, 119.9 MB
[runlim] sample:		1959.9 seconds, 119.9 MB
[runlim] sample:		1969.9 seconds, 119.9 MB
[runlim] sample:		1979.9 seconds, 119.9 MB
[runlim] sample:		1989.9 seconds, 119.9 MB
[runlim] sample:		1999.9 seconds, 119.9 MB
[runlim] sample:		2009.9 seconds, 119.9 MB
[runlim] sample:		2019.9 seconds, 119.9 MB
[runlim] sample:		2029.9 seconds, 119.9 MB
[runlim] sample:		2039.9 seconds, 120.9 MB
[runlim] sample:		2049.9 seconds, 120.9 MB
[runlim] sample:		2059.9 seconds, 120.9 MB
[runlim] sample:		2069.9 seconds, 120.9 MB
[runlim] sample:		2079.9 seconds, 122.9 MB
[runlim] sample:		2089.9 seconds, 122.9 MB
[runlim] sample:		2099.9 seconds, 123.1 MB
[runlim] sample:		2109.9 seconds, 123.1 MB
[runlim] sample:		2119.9 seconds, 123.1 MB
[runlim] sample:		2129.9 seconds, 123.1 MB
[runlim] sample:		2139.9 seconds, 123.1 MB
[runlim] sample:		2149.9 seconds, 123.1 MB
[runlim] sample:		2159.9 seconds, 123.1 MB
[runlim] sample:		2169.9 seconds, 123.1 MB
[runlim] sample:		2179.9 seconds, 123.1 MB
[runlim] sample:		2189.9 seconds, 123.1 MB
[runlim] sample:		2199.9 seconds, 123.1 MB
[runlim] sample:		2209.9 seconds, 123.1 MB
[runlim] sample:		2219.9 seconds, 123.1 MB
[runlim] sample:		2229.9 seconds, 123.1 MB
[runlim] sample:		2239.9 seconds, 123.1 MB
[runlim] sample:		2249.9 seconds, 123.1 MB
[runlim] sample:		2259.9 seconds, 123.1 MB
[runlim] sample:		2269.9 seconds, 123.1 MB
[runlim] sample:		2279.9 seconds, 123.1 MB
[runlim] sample:		2289.9 seconds, 123.1 MB
[runlim] sample:		2299.9 seconds, 123.1 MB
[runlim] sample:		2309.9 seconds, 123.1 MB
[runlim] sample:		2319.9 seconds, 123.1 MB
[runlim] sample:		2329.9 seconds, 123.1 MB
[runlim] sample:		2339.9 seconds, 123.1 MB
[runlim] sample:		2349.9 seconds, 123.1 MB
[runlim] sample:		2359.9 seconds, 123.1 MB
[runlim] sample:		2369.9 seconds, 123.1 MB
[runlim] sample:		2379.9 seconds, 123.1 MB
[runlim] sample:		2389.9 seconds, 123.1 MB
[runlim] sample:		2399.9 seconds, 123.1 MB
[runlim] sample:		2409.9 seconds, 123.2 MB
[runlim] sample:		2419.9 seconds, 123.2 MB
[runlim] sample:		2429.9 seconds, 123.2 MB
[runlim] sample:		2439.9 seconds, 123.2 MB
[runlim] sample:		2449.9 seconds, 126.5 MB
[runlim] sample:		2459.9 seconds, 126.6 MB
[runlim] sample:		2469.9 seconds, 126.6 MB
[runlim] sample:		2479.9 seconds, 126.6 MB
[runlim] sample:		2489.9 seconds, 126.6 MB
[runlim] sample:		2499.9 seconds, 126.6 MB
[runlim] sample:		2509.9 seconds, 126.6 MB
[runlim] sample:		2519.9 seconds, 126.6 MB
[runlim] sample:		2529.9 seconds, 126.6 MB
[runlim] sample:		2539.9 seconds, 126.6 MB
[runlim] sample:		2549.9 seconds, 126.6 MB
[runlim] sample:		2559.9 seconds, 126.6 MB
[runlim] sample:		2569.9 seconds, 126.6 MB
[runlim] sample:		2579.9 seconds, 126.6 MB
[runlim] sample:		2589.9 seconds, 126.6 MB
[runlim] sample:		2599.9 seconds, 126.6 MB
[runlim] sample:		2609.9 seconds, 126.6 MB
[runlim] sample:		2619.9 seconds, 126.6 MB
[runlim] sample:		2629.9 seconds, 126.6 MB
[runlim] sample:		2639.9 seconds, 126.6 MB
[runlim] sample:		2649.9 seconds, 126.6 MB
[runlim] sample:		2659.9 seconds, 126.6 MB
[runlim] sample:		2669.9 seconds, 126.6 MB
[runlim] sample:		2679.9 seconds, 126.6 MB
[runlim] sample:		2689.9 seconds, 126.6 MB
[runlim] sample:		2699.9 seconds, 126.6 MB
[runlim] sample:		2709.9 seconds, 126.6 MB
[runlim] sample:		2719.9 seconds, 126.6 MB
[runlim] sample:		2729.9 seconds, 126.6 MB
[runlim] sample:		2739.9 seconds, 126.6 MB
[runlim] sample:		2749.9 seconds, 126.6 MB
[runlim] sample:		2759.9 seconds, 126.6 MB
[runlim] sample:		2769.9 seconds, 126.6 MB
[runlim] sample:		2779.9 seconds, 126.6 MB
[runlim] sample:		2789.9 seconds, 126.6 MB
[runlim] sample:		2799.9 seconds, 126.6 MB
[runlim] sample:		2809.9 seconds, 126.6 MB
[runlim] sample:		2819.9 seconds, 126.6 MB
[runlim] sample:		2829.9 seconds, 126.6 MB
[runlim] sample:		2839.9 seconds, 126.6 MB
[runlim] sample:		2849.9 seconds, 126.6 MB
[runlim] sample:		2859.9 seconds, 126.6 MB
[runlim] sample:		2869.9 seconds, 126.6 MB
[runlim] sample:		2879.8 seconds, 126.6 MB
[runlim] sample:		2889.8 seconds, 126.6 MB
[runlim] sample:		2899.8 seconds, 126.6 MB
[runlim] sample:		2909.8 seconds, 126.6 MB
[runlim] sample:		2919.8 seconds, 126.6 MB
[runlim] sample:		2929.8 seconds, 126.6 MB
[runlim] sample:		2939.8 seconds, 126.6 MB
[runlim] sample:		2949.8 seconds, 126.6 MB
[runlim] sample:		2959.8 seconds, 126.6 MB
[runlim] sample:		2969.8 seconds, 126.6 MB
[runlim] sample:		2979.8 seconds, 126.6 MB
[runlim] sample:		2989.8 seconds, 126.6 MB
[runlim] sample:		2999.8 seconds, 126.6 MB
[runlim] sample:		3009.8 seconds, 126.6 MB
[runlim] sample:		3019.8 seconds, 126.6 MB
[runlim] sample:		3029.8 seconds, 126.6 MB
[runlim] sample:		3039.8 seconds, 126.6 MB
[runlim] sample:		3049.8 seconds, 126.6 MB
[runlim] sample:		3059.8 seconds, 126.6 MB
[runlim] sample:		3069.8 seconds, 126.6 MB
[runlim] sample:		3079.8 seconds, 126.6 MB
[runlim] sample:		3089.8 seconds, 126.6 MB
[runlim] sample:		3099.8 seconds, 126.6 MB
[runlim] sample:		3109.8 seconds, 126.6 MB
[runlim] sample:		3119.8 seconds, 126.6 MB
[runlim] sample:		3129.8 seconds, 126.6 MB
[runlim] sample:		3139.8 seconds, 126.6 MB
[runlim] sample:		3149.8 seconds, 126.6 MB
[runlim] sample:		3159.8 seconds, 126.6 MB
[runlim] sample:		3169.8 seconds, 126.6 MB
[runlim] sample:		3179.8 seconds, 126.6 MB
[runlim] sample:		3189.8 seconds, 126.6 MB
[runlim] sample:		3199.8 seconds, 126.6 MB
[runlim] sample:		3209.8 seconds, 126.6 MB
[runlim] sample:		3219.8 seconds, 127.0 MB
[runlim] sample:		3229.8 seconds, 127.0 MB
[runlim] sample:		3239.8 seconds, 127.2 MB
[runlim] sample:		3249.8 seconds, 128.8 MB
[runlim] sample:		3259.8 seconds, 133.5 MB
[runlim] sample:		3269.8 seconds, 133.5 MB
[runlim] sample:		3279.8 seconds, 133.5 MB
[runlim] sample:		3289.8 seconds, 133.5 MB
[runlim] sample:		3299.8 seconds, 133.5 MB
[runlim] sample:		3309.8 seconds, 133.5 MB
[runlim] sample:		3319.8 seconds, 133.5 MB
[runlim] sample:		3329.8 seconds, 133.5 MB
[runlim] sample:		3339.8 seconds, 133.5 MB
[runlim] sample:		3349.8 seconds, 133.5 MB
[runlim] sample:		3359.8 seconds, 133.5 MB
[runlim] sample:		3369.8 seconds, 133.5 MB
[runlim] sample:		3379.8 seconds, 133.5 MB
[runlim] sample:		3389.8 seconds, 133.5 MB
[runlim] sample:		3399.8 seconds, 133.5 MB
[runlim] sample:		3409.8 seconds, 133.5 MB
[runlim] sample:		3419.8 seconds, 133.5 MB
[runlim] sample:		3429.8 seconds, 133.5 MB
[runlim] sample:		3439.8 seconds, 133.5 MB
[runlim] sample:		3449.8 seconds, 133.5 MB
[runlim] sample:		3459.8 seconds, 133.5 MB
[runlim] sample:		3469.8 seconds, 133.5 MB
[runlim] sample:		3479.8 seconds, 133.5 MB
[runlim] sample:		3489.8 seconds, 133.5 MB
[runlim] sample:		3499.8 seconds, 133.5 MB
[runlim] sample:		3509.8 seconds, 133.5 MB
[runlim] sample:		3519.8 seconds, 133.5 MB
[runlim] sample:		3529.8 seconds, 133.5 MB
[runlim] sample:		3539.8 seconds, 133.5 MB
[runlim] sample:		3549.8 seconds, 133.5 MB
[runlim] sample:		3559.8 seconds, 133.5 MB
[runlim] sample:		3569.8 seconds, 133.5 MB
[runlim] sample:		3579.8 seconds, 133.5 MB
[runlim] sample:		3589.8 seconds, 133.5 MB
[runlim] sample:		3599.8 seconds, 133.5 MB
[runlim] end:			Mon Jan 14 19:43:34 2019
[runlim] status:		out of time
[runlim] result:		1
[runlim] children:		0
[runlim] real:			3600.48 seconds
[runlim] time:			3600.03 seconds
[runlim] space:			133.5 MB
[runlim] samples:		36003
