[runlim] version:		1.7
[runlim] time limit:		3600 seconds
[runlim] real time limit:	311040000 seconds
[runlim] space limit:		20000 MB
[runlim] argv[0]:		python3
[runlim] argv[1]:		/es0/amicheli/pyrobustnessenvelopes/main.py
[runlim] argv[2]:		-o
[runlim] argv[3]:		/es0/amicheli/pyrobustnessenvelopes/results/generator_linear_09_4_envelope_simp.res
[runlim] argv[4]:		envelope
[runlim] argv[5]:		/es0/amicheli/pyrobustnessenvelopes/benchmarks/generator_linear/gen_linear_domain.pddl
[runlim] argv[6]:		/es0/amicheli/pyrobustnessenvelopes/benchmarks/generator_linear/gen_linear_prob09.pddl
[runlim] argv[7]:		/es0/amicheli/pyrobustnessenvelopes/benchmarks/generator_linear/stns_params_with_values/output09_4pram.stn
[runlim] argv[8]:		-d
[runlim] argv[9]:		-S
[runlim] argv[10]:		partial
[runlim] argv[11]:		-s
[runlim] argv[12]:		msat
[runlim] argv[13]:		-e
[runlim] argv[14]:		-q
[runlim] argv[15]:		msat_lw
[runlim] start:			Tue Jan 15 00:59:04 2019
[runlim] main pid:		7815
[runlim] sample:		9.9 seconds, 57.1 MB
[runlim] sample:		19.9 seconds, 68.7 MB
[runlim] sample:		29.9 seconds, 78.7 MB
[runlim] sample:		39.9 seconds, 79.6 MB
[runlim] sample:		49.9 seconds, 86.3 MB
[runlim] sample:		59.9 seconds, 86.8 MB
[runlim] sample:		69.9 seconds, 98.2 MB
[runlim] sample:		79.9 seconds, 106.8 MB
[runlim] sample:		89.9 seconds, 106.9 MB
[runlim] sample:		99.9 seconds, 114.4 MB
[runlim] sample:		109.9 seconds, 117.1 MB
[runlim] sample:		119.9 seconds, 119.1 MB
[runlim] sample:		129.9 seconds, 119.1 MB
[runlim] sample:		139.9 seconds, 121.2 MB
[runlim] sample:		149.9 seconds, 133.2 MB
[runlim] sample:		159.9 seconds, 134.1 MB
[runlim] sample:		169.9 seconds, 134.1 MB
[runlim] sample:		179.9 seconds, 136.7 MB
[runlim] sample:		189.9 seconds, 138.5 MB
[runlim] sample:		199.9 seconds, 138.6 MB
[runlim] sample:		209.9 seconds, 140.7 MB
[runlim] sample:		219.9 seconds, 140.7 MB
[runlim] sample:		229.9 seconds, 143.2 MB
[runlim] sample:		239.9 seconds, 144.5 MB
[runlim] sample:		249.9 seconds, 144.9 MB
[runlim] sample:		259.9 seconds, 145.1 MB
[runlim] sample:		269.9 seconds, 148.3 MB
[runlim] sample:		279.9 seconds, 150.1 MB
[runlim] sample:		289.9 seconds, 153.4 MB
[runlim] sample:		299.9 seconds, 153.4 MB
[runlim] sample:		309.9 seconds, 161.6 MB
[runlim] sample:		319.9 seconds, 162.4 MB
[runlim] sample:		329.9 seconds, 162.4 MB
[runlim] sample:		339.9 seconds, 162.4 MB
[runlim] sample:		349.9 seconds, 162.4 MB
[runlim] sample:		359.9 seconds, 162.6 MB
[runlim] sample:		369.9 seconds, 162.9 MB
[runlim] sample:		379.9 seconds, 164.1 MB
[runlim] sample:		389.9 seconds, 164.1 MB
[runlim] sample:		399.9 seconds, 165.1 MB
[runlim] sample:		409.9 seconds, 172.6 MB
[runlim] sample:		419.9 seconds, 178.1 MB
[runlim] sample:		429.9 seconds, 183.8 MB
[runlim] sample:		439.9 seconds, 184.1 MB
[runlim] sample:		449.9 seconds, 185.8 MB
[runlim] sample:		459.9 seconds, 201.7 MB
[runlim] sample:		469.9 seconds, 204.1 MB
[runlim] sample:		479.9 seconds, 204.1 MB
[runlim] sample:		489.8 seconds, 211.6 MB
[runlim] sample:		499.8 seconds, 215.3 MB
[runlim] sample:		509.9 seconds, 214.0 MB
[runlim] sample:		519.9 seconds, 214.0 MB
[runlim] sample:		529.8 seconds, 214.0 MB
[runlim] sample:		539.8 seconds, 214.0 MB
[runlim] sample:		549.8 seconds, 214.0 MB
[runlim] sample:		559.8 seconds, 214.0 MB
[runlim] sample:		569.8 seconds, 214.1 MB
[runlim] sample:		579.8 seconds, 214.1 MB
[runlim] sample:		589.8 seconds, 214.1 MB
[runlim] sample:		599.8 seconds, 214.8 MB
[runlim] sample:		609.8 seconds, 215.0 MB
[runlim] sample:		619.8 seconds, 215.7 MB
[runlim] sample:		629.8 seconds, 216.7 MB
[runlim] sample:		639.8 seconds, 217.9 MB
[runlim] sample:		649.8 seconds, 218.7 MB
[runlim] sample:		659.8 seconds, 219.0 MB
[runlim] sample:		669.8 seconds, 220.7 MB
[runlim] sample:		679.8 seconds, 222.0 MB
[runlim] sample:		689.8 seconds, 223.1 MB
[runlim] sample:		699.8 seconds, 223.1 MB
[runlim] sample:		709.8 seconds, 225.9 MB
[runlim] sample:		719.8 seconds, 225.8 MB
[runlim] sample:		729.8 seconds, 225.8 MB
[runlim] sample:		739.8 seconds, 225.8 MB
[runlim] sample:		749.8 seconds, 225.8 MB
[runlim] sample:		759.8 seconds, 225.9 MB
[runlim] sample:		769.8 seconds, 225.9 MB
[runlim] sample:		779.8 seconds, 225.9 MB
[runlim] sample:		789.8 seconds, 225.9 MB
[runlim] sample:		799.8 seconds, 225.9 MB
[runlim] sample:		809.8 seconds, 225.9 MB
[runlim] sample:		819.8 seconds, 226.7 MB
[runlim] sample:		829.8 seconds, 226.7 MB
[runlim] sample:		839.8 seconds, 226.7 MB
[runlim] sample:		849.8 seconds, 226.8 MB
[runlim] sample:		859.8 seconds, 228.0 MB
[runlim] sample:		869.8 seconds, 229.5 MB
[runlim] sample:		879.8 seconds, 229.5 MB
[runlim] sample:		889.8 seconds, 231.0 MB
[runlim] sample:		899.8 seconds, 231.9 MB
[runlim] sample:		909.8 seconds, 233.3 MB
[runlim] sample:		919.8 seconds, 233.3 MB
[runlim] sample:		929.8 seconds, 232.4 MB
[runlim] sample:		939.8 seconds, 232.4 MB
[runlim] sample:		949.8 seconds, 232.4 MB
[runlim] sample:		959.8 seconds, 232.4 MB
[runlim] sample:		969.8 seconds, 232.4 MB
[runlim] sample:		979.8 seconds, 232.4 MB
[runlim] sample:		989.8 seconds, 232.4 MB
[runlim] sample:		999.8 seconds, 232.4 MB
[runlim] sample:		1009.8 seconds, 232.4 MB
[runlim] sample:		1019.8 seconds, 232.4 MB
[runlim] sample:		1029.8 seconds, 232.4 MB
[runlim] sample:		1039.8 seconds, 232.4 MB
[runlim] sample:		1049.8 seconds, 232.4 MB
[runlim] sample:		1059.8 seconds, 232.4 MB
[runlim] sample:		1069.8 seconds, 232.4 MB
[runlim] sample:		1079.8 seconds, 233.6 MB
[runlim] sample:		1089.8 seconds, 234.4 MB
[runlim] sample:		1099.8 seconds, 234.9 MB
[runlim] sample:		1109.8 seconds, 236.1 MB
[runlim] sample:		1119.8 seconds, 237.3 MB
[runlim] sample:		1129.8 seconds, 237.3 MB
[runlim] sample:		1139.8 seconds, 237.3 MB
[runlim] sample:		1149.8 seconds, 237.3 MB
[runlim] sample:		1159.8 seconds, 237.3 MB
[runlim] sample:		1169.8 seconds, 237.4 MB
[runlim] sample:		1179.8 seconds, 237.4 MB
[runlim] sample:		1189.8 seconds, 237.4 MB
[runlim] sample:		1199.8 seconds, 237.4 MB
[runlim] sample:		1209.8 seconds, 237.4 MB
[runlim] sample:		1219.8 seconds, 237.4 MB
[runlim] sample:		1229.8 seconds, 237.4 MB
[runlim] sample:		1239.8 seconds, 237.4 MB
[runlim] sample:		1249.8 seconds, 237.4 MB
[runlim] sample:		1259.8 seconds, 237.4 MB
[runlim] sample:		1269.8 seconds, 237.4 MB
[runlim] sample:		1279.8 seconds, 237.4 MB
[runlim] sample:		1289.8 seconds, 237.6 MB
[runlim] sample:		1299.8 seconds, 238.8 MB
[runlim] sample:		1309.8 seconds, 240.1 MB
[runlim] sample:		1319.8 seconds, 240.1 MB
[runlim] sample:		1329.8 seconds, 238.7 MB
[runlim] sample:		1339.7 seconds, 238.7 MB
[runlim] sample:		1349.7 seconds, 238.7 MB
[runlim] sample:		1359.7 seconds, 238.7 MB
[runlim] sample:		1369.7 seconds, 238.7 MB
[runlim] sample:		1379.7 seconds, 238.9 MB
[runlim] sample:		1389.7 seconds, 238.9 MB
[runlim] sample:		1399.7 seconds, 238.9 MB
[runlim] sample:		1409.8 seconds, 238.9 MB
[runlim] sample:		1419.7 seconds, 238.9 MB
[runlim] sample:		1429.7 seconds, 238.9 MB
[runlim] sample:		1439.7 seconds, 238.9 MB
[runlim] sample:		1449.7 seconds, 238.9 MB
[runlim] sample:		1459.7 seconds, 238.9 MB
[runlim] sample:		1469.7 seconds, 238.9 MB
[runlim] sample:		1479.7 seconds, 238.9 MB
[runlim] sample:		1489.7 seconds, 238.9 MB
[runlim] sample:		1499.7 seconds, 238.9 MB
[runlim] sample:		1509.7 seconds, 240.1 MB
[runlim] sample:		1519.7 seconds, 242.4 MB
[runlim] sample:		1529.7 seconds, 243.6 MB
[runlim] sample:		1539.7 seconds, 243.6 MB
[runlim] sample:		1549.7 seconds, 243.6 MB
[runlim] sample:		1559.7 seconds, 243.6 MB
[runlim] sample:		1569.7 seconds, 243.6 MB
[runlim] sample:		1579.7 seconds, 243.6 MB
[runlim] sample:		1589.7 seconds, 243.6 MB
[runlim] sample:		1599.7 seconds, 243.6 MB
[runlim] sample:		1609.7 seconds, 243.6 MB
[runlim] sample:		1619.7 seconds, 243.6 MB
[runlim] sample:		1629.7 seconds, 243.6 MB
[runlim] sample:		1639.7 seconds, 243.6 MB
[runlim] sample:		1649.7 seconds, 243.6 MB
[runlim] sample:		1659.7 seconds, 243.6 MB
[runlim] sample:		1669.7 seconds, 243.6 MB
[runlim] sample:		1679.7 seconds, 243.6 MB
[runlim] sample:		1689.7 seconds, 243.6 MB
[runlim] sample:		1699.7 seconds, 243.8 MB
[runlim] sample:		1709.7 seconds, 243.8 MB
[runlim] sample:		1719.7 seconds, 256.7 MB
[runlim] sample:		1729.7 seconds, 284.1 MB
[runlim] sample:		1739.7 seconds, 300.1 MB
[runlim] sample:		1749.7 seconds, 308.0 MB
[runlim] sample:		1759.7 seconds, 365.3 MB
[runlim] sample:		1769.7 seconds, 444.7 MB
[runlim] sample:		1779.7 seconds, 415.1 MB
[runlim] sample:		1789.7 seconds, 496.3 MB
[runlim] sample:		1799.7 seconds, 545.6 MB
[runlim] sample:		1809.7 seconds, 583.0 MB
[runlim] sample:		1819.7 seconds, 656.9 MB
[runlim] sample:		1829.7 seconds, 664.9 MB
[runlim] sample:		1839.7 seconds, 709.4 MB
[runlim] sample:		1849.7 seconds, 756.8 MB
[runlim] sample:		1859.7 seconds, 874.8 MB
[runlim] sample:		1869.7 seconds, 947.8 MB
[runlim] sample:		1879.7 seconds, 987.1 MB
[runlim] sample:		1889.7 seconds, 995.1 MB
[runlim] sample:		1899.7 seconds, 1037.2 MB
[runlim] sample:		1909.7 seconds, 987.5 MB
[runlim] sample:		1919.7 seconds, 1100.6 MB
[runlim] sample:		1929.7 seconds, 1027.8 MB
[runlim] sample:		1939.7 seconds, 1161.2 MB
[runlim] sample:		1949.7 seconds, 1077.0 MB
[runlim] sample:		1959.7 seconds, 1089.4 MB
[runlim] sample:		1969.7 seconds, 1092.9 MB
[runlim] sample:		1979.7 seconds, 1092.9 MB
[runlim] sample:		1989.7 seconds, 1092.9 MB
[runlim] sample:		1999.7 seconds, 1092.9 MB
[runlim] sample:		2009.7 seconds, 1093.1 MB
[runlim] sample:		2019.7 seconds, 1093.7 MB
[runlim] sample:		2029.7 seconds, 1093.8 MB
[runlim] sample:		2039.7 seconds, 1093.8 MB
[runlim] sample:		2049.7 seconds, 1094.7 MB
[runlim] sample:		2059.7 seconds, 1096.1 MB
[runlim] sample:		2069.7 seconds, 1236.4 MB
[runlim] sample:		2079.7 seconds, 1210.9 MB
[runlim] sample:		2089.7 seconds, 1135.0 MB
[runlim] sample:		2099.7 seconds, 1135.0 MB
[runlim] sample:		2109.7 seconds, 1236.8 MB
[runlim] sample:		2119.7 seconds, 1177.9 MB
[runlim] sample:		2129.7 seconds, 1293.8 MB
[runlim] sample:		2139.7 seconds, 1190.5 MB
[runlim] sample:		2149.7 seconds, 1190.5 MB
[runlim] sample:		2159.7 seconds, 1365.8 MB
[runlim] sample:		2169.7 seconds, 1366.1 MB
[runlim] sample:		2179.7 seconds, 1366.5 MB
[runlim] sample:		2189.7 seconds, 1509.6 MB
[runlim] sample:		2199.7 seconds, 1531.9 MB
[runlim] sample:		2209.7 seconds, 1467.6 MB
[runlim] sample:		2219.7 seconds, 1467.7 MB
[runlim] sample:		2229.7 seconds, 1467.7 MB
[runlim] sample:		2239.7 seconds, 1467.7 MB
[runlim] sample:		2249.7 seconds, 1467.8 MB
[runlim] sample:		2259.7 seconds, 1467.8 MB
[runlim] sample:		2269.7 seconds, 1467.8 MB
[runlim] sample:		2279.7 seconds, 1467.8 MB
[runlim] sample:		2289.7 seconds, 1467.8 MB
[runlim] sample:		2299.7 seconds, 1611.4 MB
[runlim] sample:		2309.7 seconds, 1515.5 MB
[runlim] sample:		2319.7 seconds, 1515.6 MB
[runlim] sample:		2329.7 seconds, 1563.7 MB
[runlim] sample:		2339.7 seconds, 1663.9 MB
[runlim] sample:		2349.7 seconds, 1717.9 MB
[runlim] sample:		2359.6 seconds, 1604.1 MB
[runlim] sample:		2369.6 seconds, 1742.1 MB
[runlim] sample:		2379.6 seconds, 1773.3 MB
[runlim] sample:		2389.6 seconds, 1660.6 MB
[runlim] sample:		2399.7 seconds, 1689.8 MB
[runlim] sample:		2409.6 seconds, 1871.3 MB
[runlim] sample:		2419.6 seconds, 1715.9 MB
[runlim] sample:		2429.6 seconds, 1899.5 MB
[runlim] sample:		2439.6 seconds, 1773.9 MB
[runlim] sample:		2449.6 seconds, 1806.7 MB
[runlim] sample:		2459.6 seconds, 1825.5 MB
[runlim] sample:		2469.6 seconds, 2054.9 MB
[runlim] sample:		2479.6 seconds, 2092.7 MB
[runlim] sample:		2489.6 seconds, 2126.9 MB
[runlim] sample:		2499.6 seconds, 2162.9 MB
[runlim] sample:		2509.6 seconds, 2169.8 MB
[runlim] sample:		2519.6 seconds, 2232.9 MB
[runlim] sample:		2529.6 seconds, 2256.8 MB
[runlim] sample:		2539.6 seconds, 2247.9 MB
[runlim] sample:		2549.6 seconds, 2098.0 MB
[runlim] sample:		2559.6 seconds, 2098.2 MB
[runlim] sample:		2569.6 seconds, 2079.6 MB
[runlim] sample:		2579.6 seconds, 2121.2 MB
[runlim] sample:		2589.6 seconds, 2174.5 MB
[runlim] sample:		2599.6 seconds, 2348.1 MB
[runlim] sample:		2609.6 seconds, 2423.6 MB
[runlim] sample:		2619.6 seconds, 3075.6 MB
[runlim] sample:		2629.6 seconds, 2824.0 MB
[runlim] sample:		2639.6 seconds, 2801.0 MB
[runlim] sample:		2649.6 seconds, 2579.3 MB
[runlim] sample:		2659.6 seconds, 2580.6 MB
[runlim] sample:		2669.6 seconds, 2847.8 MB
[runlim] sample:		2679.6 seconds, 2607.4 MB
[runlim] sample:		2689.6 seconds, 2669.7 MB
[runlim] sample:		2699.6 seconds, 2635.4 MB
[runlim] sample:		2709.6 seconds, 2906.0 MB
[runlim] sample:		2719.6 seconds, 2687.4 MB
[runlim] sample:		2729.6 seconds, 2734.5 MB
[runlim] sample:		2739.6 seconds, 3037.0 MB
[runlim] sample:		2749.6 seconds, 3006.9 MB
[runlim] sample:		2759.6 seconds, 3045.6 MB
[runlim] sample:		2769.6 seconds, 2779.8 MB
[runlim] sample:		2779.6 seconds, 2782.2 MB
[runlim] sample:		2789.6 seconds, 3136.9 MB
[runlim] sample:		2799.6 seconds, 3116.9 MB
[runlim] sample:		2809.6 seconds, 3221.8 MB
[runlim] sample:		2819.6 seconds, 3023.9 MB
[runlim] sample:		2829.6 seconds, 3217.1 MB
[runlim] sample:		2839.6 seconds, 2959.1 MB
[runlim] sample:		2849.6 seconds, 3313.7 MB
[runlim] sample:		2859.6 seconds, 3328.8 MB
[runlim] sample:		2869.6 seconds, 3316.2 MB
[runlim] sample:		2879.6 seconds, 3024.0 MB
[runlim] sample:		2889.6 seconds, 3425.4 MB
[runlim] sample:		2899.6 seconds, 3381.8 MB
[runlim] sample:		2909.6 seconds, 3414.6 MB
[runlim] sample:		2919.6 seconds, 3451.8 MB
[runlim] sample:		2929.6 seconds, 3208.6 MB
[runlim] sample:		2939.6 seconds, 3523.2 MB
[runlim] sample:		2949.6 seconds, 3196.4 MB
[runlim] sample:		2959.6 seconds, 3508.3 MB
[runlim] sample:		2969.6 seconds, 3578.1 MB
[runlim] sample:		2979.6 seconds, 3265.3 MB
[runlim] sample:		2989.6 seconds, 3265.7 MB
[runlim] sample:		2999.6 seconds, 3580.1 MB
[runlim] sample:		3009.6 seconds, 3254.4 MB
[runlim] sample:		3019.6 seconds, 3257.0 MB
[runlim] sample:		3029.6 seconds, 3258.2 MB
[runlim] sample:		3039.6 seconds, 3260.2 MB
[runlim] sample:		3049.6 seconds, 3265.2 MB
[runlim] sample:		3059.6 seconds, 3267.4 MB
[runlim] sample:		3069.6 seconds, 3271.0 MB
[runlim] sample:		3079.6 seconds, 3273.7 MB
[runlim] sample:		3089.6 seconds, 3275.5 MB
[runlim] sample:		3099.6 seconds, 3275.5 MB
[runlim] sample:		3109.6 seconds, 3275.5 MB
[runlim] sample:		3119.6 seconds, 3275.5 MB
[runlim] sample:		3129.6 seconds, 3275.5 MB
[runlim] sample:		3139.6 seconds, 3275.5 MB
[runlim] sample:		3149.6 seconds, 3275.5 MB
[runlim] sample:		3159.6 seconds, 3659.9 MB
[runlim] sample:		3169.6 seconds, 3319.2 MB
[runlim] sample:		3179.6 seconds, 3319.2 MB
[runlim] sample:		3189.6 seconds, 3427.4 MB
[runlim] sample:		3199.6 seconds, 3306.0 MB
[runlim] sample:		3209.6 seconds, 3317.7 MB
[runlim] sample:		3219.6 seconds, 3349.4 MB
[runlim] sample:		3229.6 seconds, 3349.4 MB
[runlim] sample:		3239.6 seconds, 3349.4 MB
[runlim] sample:		3249.6 seconds, 3349.4 MB
[runlim] sample:		3259.6 seconds, 3698.2 MB
[runlim] sample:		3269.6 seconds, 3373.6 MB
[runlim] sample:		3279.6 seconds, 3373.6 MB
[runlim] sample:		3289.6 seconds, 3373.6 MB
[runlim] sample:		3299.6 seconds, 3373.6 MB
[runlim] sample:		3309.6 seconds, 3373.6 MB
[runlim] sample:		3319.6 seconds, 3732.9 MB
[runlim] sample:		3329.6 seconds, 3390.4 MB
[runlim] sample:		3339.6 seconds, 3390.4 MB
[runlim] sample:		3349.6 seconds, 3758.8 MB
[runlim] sample:		3359.6 seconds, 3791.4 MB
[runlim] sample:		3369.6 seconds, 3820.6 MB
[runlim] sample:		3379.6 seconds, 3475.8 MB
[runlim] sample:		3389.6 seconds, 3919.0 MB
[runlim] sample:		3399.6 seconds, 3982.2 MB
[runlim] sample:		3409.6 seconds, 4017.7 MB
[runlim] sample:		3419.6 seconds, 3635.0 MB
[runlim] sample:		3429.6 seconds, 3635.0 MB
[runlim] sample:		3439.6 seconds, 3635.0 MB
[runlim] sample:		3449.6 seconds, 3635.5 MB
[runlim] sample:		3459.6 seconds, 4018.6 MB
[runlim] sample:		3469.6 seconds, 3897.0 MB
[runlim] sample:		3479.6 seconds, 4049.1 MB
[runlim] sample:		3489.6 seconds, 4087.1 MB
[runlim] sample:		3499.6 seconds, 4113.3 MB
[runlim] sample:		3509.6 seconds, 3714.5 MB
[runlim] sample:		3519.5 seconds, 3694.6 MB
[runlim] sample:		3529.6 seconds, 3707.5 MB
[runlim] sample:		3539.6 seconds, 4132.4 MB
[runlim] sample:		3549.5 seconds, 3780.8 MB
[runlim] sample:		3559.6 seconds, 3758.2 MB
[runlim] sample:		3569.5 seconds, 4193.2 MB
[runlim] sample:		3579.5 seconds, 4267.1 MB
[runlim] sample:		3589.5 seconds, 4295.1 MB
[runlim] sample:		3599.5 seconds, 4287.0 MB
[runlim] end:			Tue Jan 15 01:59:04 2019
[runlim] status:		out of time
[runlim] result:		1
[runlim] children:		0
[runlim] real:			3600.82 seconds
[runlim] time:			3600.15 seconds
[runlim] space:			4468.6 MB
[runlim] samples:		36006
