[runlim] version:		1.7
[runlim] time limit:		3600 seconds
[runlim] real time limit:	311040000 seconds
[runlim] space limit:		20000 MB
[runlim] argv[0]:		python3
[runlim] argv[1]:		/es0/amicheli/pyrobustnessenvelopes/main.py
[runlim] argv[2]:		-o
[runlim] argv[3]:		/es0/amicheli/pyrobustnessenvelopes/results/generator_linear_10_2_construct_simp.res
[runlim] argv[4]:		construct
[runlim] argv[5]:		/es0/amicheli/pyrobustnessenvelopes/benchmarks/generator_linear/gen_linear_domain.pddl
[runlim] argv[6]:		/es0/amicheli/pyrobustnessenvelopes/benchmarks/generator_linear/gen_linear_prob10.pddl
[runlim] argv[7]:		/es0/amicheli/pyrobustnessenvelopes/benchmarks/generator_linear/stns_params_with_values/output10_2pram.stn
[runlim] argv[8]:		-d
[runlim] argv[9]:		-S
[runlim] argv[10]:		monolithic
[runlim] argv[11]:		-s
[runlim] argv[12]:		z3
[runlim] argv[13]:		-q
[runlim] argv[14]:		msat_lw
[runlim] start:			Mon Jan 14 22:11:19 2019
[runlim] main pid:		149782
[runlim] sample:		10.0 seconds, 70.7 MB
[runlim] sample:		20.0 seconds, 75.7 MB
[runlim] sample:		30.0 seconds, 81.4 MB
[runlim] sample:		40.0 seconds, 81.6 MB
[runlim] sample:		50.0 seconds, 82.1 MB
[runlim] sample:		60.0 seconds, 84.5 MB
[runlim] sample:		70.0 seconds, 91.6 MB
[runlim] sample:		80.0 seconds, 91.6 MB
[runlim] sample:		90.0 seconds, 91.6 MB
[runlim] sample:		100.0 seconds, 91.7 MB
[runlim] sample:		110.0 seconds, 91.7 MB
[runlim] sample:		120.0 seconds, 91.7 MB
[runlim] sample:		130.0 seconds, 91.7 MB
[runlim] sample:		140.0 seconds, 91.7 MB
[runlim] sample:		150.0 seconds, 91.7 MB
[runlim] sample:		160.0 seconds, 91.8 MB
[runlim] sample:		170.0 seconds, 91.8 MB
[runlim] sample:		180.0 seconds, 92.3 MB
[runlim] sample:		190.0 seconds, 96.7 MB
[runlim] sample:		200.0 seconds, 96.7 MB
[runlim] sample:		210.0 seconds, 96.7 MB
[runlim] sample:		220.0 seconds, 96.7 MB
[runlim] sample:		230.0 seconds, 96.7 MB
[runlim] sample:		240.0 seconds, 96.7 MB
[runlim] sample:		250.0 seconds, 96.7 MB
[runlim] sample:		260.0 seconds, 97.4 MB
[runlim] sample:		270.0 seconds, 99.5 MB
[runlim] sample:		280.0 seconds, 99.6 MB
[runlim] sample:		290.0 seconds, 101.5 MB
[runlim] sample:		299.9 seconds, 103.4 MB
[runlim] sample:		309.9 seconds, 103.4 MB
[runlim] sample:		319.9 seconds, 103.4 MB
[runlim] sample:		329.9 seconds, 103.4 MB
[runlim] sample:		339.9 seconds, 103.5 MB
[runlim] sample:		349.9 seconds, 103.5 MB
[runlim] sample:		359.9 seconds, 103.5 MB
[runlim] sample:		369.9 seconds, 103.5 MB
[runlim] sample:		379.9 seconds, 103.5 MB
[runlim] sample:		389.9 seconds, 103.5 MB
[runlim] sample:		399.9 seconds, 103.5 MB
[runlim] sample:		409.9 seconds, 104.1 MB
[runlim] sample:		419.9 seconds, 105.2 MB
[runlim] sample:		429.9 seconds, 105.2 MB
[runlim] sample:		439.9 seconds, 105.2 MB
[runlim] sample:		449.9 seconds, 109.4 MB
[runlim] sample:		460.0 seconds, 109.4 MB
[runlim] sample:		470.0 seconds, 109.4 MB
[runlim] sample:		480.0 seconds, 109.4 MB
[runlim] sample:		490.0 seconds, 109.4 MB
[runlim] sample:		500.0 seconds, 117.7 MB
[runlim] sample:		510.0 seconds, 117.7 MB
[runlim] sample:		520.0 seconds, 117.7 MB
[runlim] sample:		530.0 seconds, 117.7 MB
[runlim] sample:		540.0 seconds, 117.7 MB
[runlim] sample:		550.0 seconds, 117.7 MB
[runlim] sample:		560.0 seconds, 117.7 MB
[runlim] sample:		570.0 seconds, 117.7 MB
[runlim] sample:		580.0 seconds, 117.7 MB
[runlim] sample:		590.0 seconds, 117.8 MB
[runlim] sample:		600.0 seconds, 117.8 MB
[runlim] sample:		610.0 seconds, 117.8 MB
[runlim] sample:		620.0 seconds, 117.8 MB
[runlim] sample:		630.0 seconds, 117.8 MB
[runlim] sample:		640.0 seconds, 117.8 MB
[runlim] sample:		650.0 seconds, 117.8 MB
[runlim] sample:		660.0 seconds, 117.8 MB
[runlim] sample:		670.0 seconds, 117.8 MB
[runlim] sample:		680.0 seconds, 117.8 MB
[runlim] sample:		690.0 seconds, 117.8 MB
[runlim] sample:		700.0 seconds, 117.8 MB
[runlim] sample:		710.0 seconds, 117.8 MB
[runlim] sample:		720.0 seconds, 117.8 MB
[runlim] sample:		730.0 seconds, 117.8 MB
[runlim] sample:		740.0 seconds, 117.8 MB
[runlim] sample:		750.0 seconds, 117.8 MB
[runlim] sample:		760.0 seconds, 117.8 MB
[runlim] sample:		770.0 seconds, 117.8 MB
[runlim] sample:		780.0 seconds, 117.8 MB
[runlim] sample:		790.0 seconds, 117.8 MB
[runlim] sample:		800.0 seconds, 117.8 MB
[runlim] sample:		810.0 seconds, 117.8 MB
[runlim] sample:		820.0 seconds, 117.8 MB
[runlim] sample:		830.0 seconds, 117.8 MB
[runlim] sample:		840.0 seconds, 117.8 MB
[runlim] sample:		850.0 seconds, 117.8 MB
[runlim] sample:		860.0 seconds, 121.2 MB
[runlim] sample:		870.0 seconds, 121.2 MB
[runlim] sample:		880.0 seconds, 121.2 MB
[runlim] sample:		890.0 seconds, 121.2 MB
[runlim] sample:		900.0 seconds, 121.2 MB
[runlim] sample:		910.0 seconds, 121.2 MB
[runlim] sample:		920.0 seconds, 121.2 MB
[runlim] sample:		930.0 seconds, 121.2 MB
[runlim] sample:		940.0 seconds, 121.2 MB
[runlim] sample:		950.0 seconds, 121.2 MB
[runlim] sample:		960.0 seconds, 121.2 MB
[runlim] sample:		970.0 seconds, 121.2 MB
[runlim] sample:		980.0 seconds, 121.2 MB
[runlim] sample:		990.0 seconds, 121.2 MB
[runlim] sample:		1000.0 seconds, 121.2 MB
[runlim] sample:		1010.0 seconds, 121.2 MB
[runlim] sample:		1020.0 seconds, 121.2 MB
[runlim] sample:		1030.0 seconds, 121.2 MB
[runlim] sample:		1040.0 seconds, 121.3 MB
[runlim] sample:		1050.0 seconds, 121.3 MB
[runlim] sample:		1060.0 seconds, 121.3 MB
[runlim] sample:		1070.0 seconds, 121.3 MB
[runlim] sample:		1080.0 seconds, 121.3 MB
[runlim] sample:		1090.0 seconds, 121.3 MB
[runlim] sample:		1100.0 seconds, 121.3 MB
[runlim] sample:		1110.0 seconds, 121.3 MB
[runlim] sample:		1120.0 seconds, 121.3 MB
[runlim] sample:		1130.0 seconds, 121.3 MB
[runlim] sample:		1140.0 seconds, 121.3 MB
[runlim] sample:		1150.0 seconds, 121.3 MB
[runlim] sample:		1160.0 seconds, 121.3 MB
[runlim] sample:		1170.0 seconds, 121.3 MB
[runlim] sample:		1180.0 seconds, 121.3 MB
[runlim] sample:		1190.0 seconds, 121.3 MB
[runlim] sample:		1200.0 seconds, 121.3 MB
[runlim] sample:		1210.0 seconds, 121.3 MB
[runlim] sample:		1220.0 seconds, 121.3 MB
[runlim] sample:		1230.0 seconds, 121.3 MB
[runlim] sample:		1240.0 seconds, 121.3 MB
[runlim] sample:		1250.0 seconds, 121.3 MB
[runlim] sample:		1260.0 seconds, 121.3 MB
[runlim] sample:		1270.0 seconds, 121.3 MB
[runlim] sample:		1280.0 seconds, 121.3 MB
[runlim] sample:		1290.0 seconds, 121.3 MB
[runlim] sample:		1300.0 seconds, 121.3 MB
[runlim] sample:		1310.0 seconds, 121.3 MB
[runlim] sample:		1320.0 seconds, 121.3 MB
[runlim] sample:		1330.0 seconds, 121.3 MB
[runlim] sample:		1340.0 seconds, 121.3 MB
[runlim] sample:		1350.0 seconds, 121.3 MB
[runlim] sample:		1360.0 seconds, 123.2 MB
[runlim] sample:		1370.0 seconds, 123.2 MB
[runlim] sample:		1380.0 seconds, 123.2 MB
[runlim] sample:		1390.0 seconds, 123.4 MB
[runlim] sample:		1400.0 seconds, 123.4 MB
[runlim] sample:		1410.0 seconds, 123.4 MB
[runlim] sample:		1420.0 seconds, 123.4 MB
[runlim] sample:		1430.0 seconds, 123.4 MB
[runlim] sample:		1440.0 seconds, 123.4 MB
[runlim] sample:		1450.0 seconds, 123.4 MB
[runlim] sample:		1460.0 seconds, 123.4 MB
[runlim] sample:		1470.0 seconds, 123.4 MB
[runlim] sample:		1480.0 seconds, 123.4 MB
[runlim] sample:		1490.0 seconds, 124.3 MB
[runlim] sample:		1500.0 seconds, 124.3 MB
[runlim] sample:		1510.0 seconds, 124.3 MB
[runlim] sample:		1520.0 seconds, 124.3 MB
[runlim] sample:		1530.0 seconds, 124.3 MB
[runlim] sample:		1540.0 seconds, 124.3 MB
[runlim] sample:		1550.0 seconds, 124.3 MB
[runlim] sample:		1560.0 seconds, 124.3 MB
[runlim] sample:		1570.0 seconds, 126.7 MB
[runlim] sample:		1580.0 seconds, 126.9 MB
[runlim] sample:		1590.0 seconds, 126.9 MB
[runlim] sample:		1600.0 seconds, 126.9 MB
[runlim] sample:		1610.0 seconds, 126.9 MB
[runlim] sample:		1620.0 seconds, 126.9 MB
[runlim] sample:		1630.0 seconds, 126.9 MB
[runlim] sample:		1640.0 seconds, 126.9 MB
[runlim] sample:		1650.0 seconds, 126.9 MB
[runlim] sample:		1660.0 seconds, 126.9 MB
[runlim] sample:		1670.0 seconds, 126.9 MB
[runlim] sample:		1680.0 seconds, 126.9 MB
[runlim] sample:		1690.0 seconds, 126.9 MB
[runlim] sample:		1700.0 seconds, 126.9 MB
[runlim] sample:		1710.0 seconds, 126.9 MB
[runlim] sample:		1720.0 seconds, 126.9 MB
[runlim] sample:		1730.0 seconds, 126.9 MB
[runlim] sample:		1740.0 seconds, 126.9 MB
[runlim] sample:		1750.0 seconds, 126.9 MB
[runlim] sample:		1760.0 seconds, 126.9 MB
[runlim] sample:		1770.0 seconds, 129.2 MB
[runlim] sample:		1780.0 seconds, 129.2 MB
[runlim] sample:		1790.0 seconds, 129.2 MB
[runlim] sample:		1800.0 seconds, 129.2 MB
[runlim] sample:		1810.0 seconds, 129.2 MB
[runlim] sample:		1820.0 seconds, 129.2 MB
[runlim] sample:		1830.0 seconds, 131.1 MB
[runlim] sample:		1840.0 seconds, 133.1 MB
[runlim] sample:		1850.0 seconds, 133.1 MB
[runlim] sample:		1860.0 seconds, 133.1 MB
[runlim] sample:		1870.0 seconds, 133.1 MB
[runlim] sample:		1880.0 seconds, 133.1 MB
[runlim] sample:		1890.0 seconds, 133.1 MB
[runlim] sample:		1900.0 seconds, 133.1 MB
[runlim] sample:		1910.0 seconds, 133.1 MB
[runlim] sample:		1920.0 seconds, 133.1 MB
[runlim] sample:		1930.0 seconds, 133.1 MB
[runlim] sample:		1940.0 seconds, 133.1 MB
[runlim] sample:		1950.0 seconds, 133.1 MB
[runlim] sample:		1960.0 seconds, 133.1 MB
[runlim] sample:		1970.0 seconds, 133.1 MB
[runlim] sample:		1980.0 seconds, 133.1 MB
[runlim] sample:		1990.0 seconds, 133.1 MB
[runlim] sample:		2000.0 seconds, 133.1 MB
[runlim] sample:		2010.0 seconds, 133.1 MB
[runlim] sample:		2020.0 seconds, 133.1 MB
[runlim] sample:		2030.0 seconds, 133.1 MB
[runlim] sample:		2040.0 seconds, 133.1 MB
[runlim] sample:		2050.0 seconds, 133.1 MB
[runlim] sample:		2060.0 seconds, 133.1 MB
[runlim] sample:		2070.0 seconds, 133.1 MB
[runlim] sample:		2080.0 seconds, 133.1 MB
[runlim] sample:		2090.0 seconds, 133.1 MB
[runlim] sample:		2100.0 seconds, 133.1 MB
[runlim] sample:		2110.0 seconds, 133.1 MB
[runlim] sample:		2120.0 seconds, 133.1 MB
[runlim] sample:		2130.0 seconds, 133.1 MB
[runlim] sample:		2140.0 seconds, 133.1 MB
[runlim] sample:		2150.0 seconds, 133.1 MB
[runlim] sample:		2160.0 seconds, 133.1 MB
[runlim] sample:		2170.0 seconds, 133.1 MB
[runlim] sample:		2180.0 seconds, 133.1 MB
[runlim] sample:		2190.0 seconds, 133.1 MB
[runlim] sample:		2200.0 seconds, 133.1 MB
[runlim] sample:		2210.0 seconds, 133.1 MB
[runlim] sample:		2220.0 seconds, 133.1 MB
[runlim] sample:		2230.0 seconds, 133.1 MB
[runlim] sample:		2240.0 seconds, 133.1 MB
[runlim] sample:		2250.0 seconds, 133.1 MB
[runlim] sample:		2260.0 seconds, 133.1 MB
[runlim] sample:		2270.0 seconds, 133.1 MB
[runlim] sample:		2280.0 seconds, 133.1 MB
[runlim] sample:		2290.0 seconds, 133.1 MB
[runlim] sample:		2300.0 seconds, 133.1 MB
[runlim] sample:		2310.0 seconds, 133.1 MB
[runlim] sample:		2320.0 seconds, 133.1 MB
[runlim] sample:		2330.0 seconds, 133.1 MB
[runlim] sample:		2340.0 seconds, 133.1 MB
[runlim] sample:		2350.0 seconds, 133.1 MB
[runlim] sample:		2360.1 seconds, 133.1 MB
[runlim] sample:		2370.1 seconds, 133.1 MB
[runlim] sample:		2380.1 seconds, 133.1 MB
[runlim] sample:		2390.1 seconds, 133.1 MB
[runlim] sample:		2400.1 seconds, 133.1 MB
[runlim] sample:		2410.1 seconds, 133.1 MB
[runlim] sample:		2420.1 seconds, 133.7 MB
[runlim] sample:		2430.1 seconds, 135.2 MB
[runlim] sample:		2440.1 seconds, 135.2 MB
[runlim] sample:		2450.1 seconds, 135.2 MB
[runlim] sample:		2460.1 seconds, 135.2 MB
[runlim] sample:		2470.1 seconds, 135.2 MB
[runlim] sample:		2480.1 seconds, 135.2 MB
[runlim] sample:		2490.1 seconds, 135.2 MB
[runlim] sample:		2500.1 seconds, 135.3 MB
[runlim] sample:		2510.1 seconds, 135.3 MB
[runlim] sample:		2520.1 seconds, 135.3 MB
[runlim] sample:		2530.1 seconds, 135.3 MB
[runlim] sample:		2540.1 seconds, 135.3 MB
[runlim] sample:		2550.1 seconds, 135.3 MB
[runlim] sample:		2560.1 seconds, 135.3 MB
[runlim] sample:		2570.1 seconds, 135.3 MB
[runlim] sample:		2580.1 seconds, 135.3 MB
[runlim] sample:		2590.1 seconds, 135.3 MB
[runlim] sample:		2600.1 seconds, 135.3 MB
[runlim] sample:		2610.1 seconds, 135.3 MB
[runlim] sample:		2620.1 seconds, 135.3 MB
[runlim] sample:		2630.1 seconds, 135.3 MB
[runlim] sample:		2640.1 seconds, 135.3 MB
[runlim] sample:		2650.1 seconds, 137.1 MB
[runlim] sample:		2660.1 seconds, 137.1 MB
[runlim] sample:		2670.1 seconds, 137.1 MB
[runlim] sample:		2680.1 seconds, 137.1 MB
[runlim] sample:		2690.1 seconds, 137.1 MB
[runlim] sample:		2700.1 seconds, 137.1 MB
[runlim] sample:		2710.1 seconds, 137.1 MB
[runlim] sample:		2720.1 seconds, 137.1 MB
[runlim] sample:		2730.1 seconds, 137.1 MB
[runlim] sample:		2740.1 seconds, 137.1 MB
[runlim] sample:		2750.1 seconds, 137.1 MB
[runlim] sample:		2760.1 seconds, 137.1 MB
[runlim] sample:		2770.1 seconds, 137.1 MB
[runlim] sample:		2780.1 seconds, 137.1 MB
[runlim] sample:		2790.1 seconds, 137.1 MB
[runlim] sample:		2800.1 seconds, 137.1 MB
[runlim] sample:		2810.1 seconds, 137.1 MB
[runlim] sample:		2820.1 seconds, 137.1 MB
[runlim] sample:		2830.1 seconds, 137.1 MB
[runlim] sample:		2840.1 seconds, 137.1 MB
[runlim] sample:		2850.1 seconds, 137.1 MB
[runlim] sample:		2860.1 seconds, 137.1 MB
[runlim] sample:		2870.1 seconds, 137.1 MB
[runlim] sample:		2880.1 seconds, 137.1 MB
[runlim] sample:		2890.1 seconds, 137.1 MB
[runlim] sample:		2900.1 seconds, 137.9 MB
[runlim] sample:		2910.1 seconds, 137.9 MB
[runlim] sample:		2920.1 seconds, 137.9 MB
[runlim] sample:		2930.1 seconds, 135.3 MB
[runlim] sample:		2940.1 seconds, 135.3 MB
[runlim] sample:		2950.1 seconds, 135.3 MB
[runlim] sample:		2960.1 seconds, 135.3 MB
[runlim] sample:		2970.1 seconds, 135.3 MB
[runlim] sample:		2980.1 seconds, 135.3 MB
[runlim] sample:		2990.1 seconds, 135.3 MB
[runlim] sample:		3000.1 seconds, 135.3 MB
[runlim] sample:		3010.1 seconds, 135.3 MB
[runlim] sample:		3020.1 seconds, 135.3 MB
[runlim] sample:		3030.1 seconds, 135.3 MB
[runlim] sample:		3040.1 seconds, 135.3 MB
[runlim] sample:		3050.1 seconds, 135.3 MB
[runlim] sample:		3060.1 seconds, 135.3 MB
[runlim] sample:		3070.1 seconds, 135.3 MB
[runlim] sample:		3080.1 seconds, 135.3 MB
[runlim] sample:		3090.1 seconds, 135.3 MB
[runlim] sample:		3100.1 seconds, 135.3 MB
[runlim] sample:		3110.1 seconds, 135.3 MB
[runlim] sample:		3120.1 seconds, 135.3 MB
[runlim] sample:		3130.1 seconds, 135.3 MB
[runlim] sample:		3140.1 seconds, 135.3 MB
[runlim] sample:		3150.1 seconds, 135.3 MB
[runlim] sample:		3160.1 seconds, 135.3 MB
[runlim] sample:		3170.1 seconds, 135.3 MB
[runlim] sample:		3180.1 seconds, 135.3 MB
[runlim] sample:		3190.1 seconds, 135.3 MB
[runlim] sample:		3200.1 seconds, 135.3 MB
[runlim] sample:		3210.1 seconds, 135.3 MB
[runlim] sample:		3220.1 seconds, 135.3 MB
[runlim] sample:		3230.1 seconds, 135.3 MB
[runlim] sample:		3240.1 seconds, 135.3 MB
[runlim] sample:		3250.1 seconds, 135.3 MB
[runlim] sample:		3260.1 seconds, 135.3 MB
[runlim] sample:		3270.1 seconds, 135.3 MB
[runlim] sample:		3280.1 seconds, 135.3 MB
[runlim] sample:		3290.1 seconds, 135.3 MB
[runlim] sample:		3300.1 seconds, 135.3 MB
[runlim] sample:		3310.1 seconds, 135.3 MB
[runlim] sample:		3320.1 seconds, 135.3 MB
[runlim] sample:		3330.1 seconds, 135.3 MB
[runlim] sample:		3340.1 seconds, 135.3 MB
[runlim] sample:		3350.1 seconds, 135.3 MB
[runlim] sample:		3360.1 seconds, 135.3 MB
[runlim] sample:		3370.1 seconds, 135.3 MB
[runlim] sample:		3380.1 seconds, 135.3 MB
[runlim] sample:		3390.1 seconds, 135.3 MB
[runlim] sample:		3400.1 seconds, 135.3 MB
[runlim] sample:		3410.1 seconds, 135.3 MB
[runlim] sample:		3420.1 seconds, 135.3 MB
[runlim] sample:		3430.1 seconds, 135.3 MB
[runlim] sample:		3440.1 seconds, 135.3 MB
[runlim] sample:		3450.1 seconds, 135.3 MB
[runlim] sample:		3460.1 seconds, 135.3 MB
[runlim] sample:		3470.1 seconds, 135.3 MB
[runlim] sample:		3480.1 seconds, 135.3 MB
[runlim] sample:		3490.1 seconds, 135.3 MB
[runlim] sample:		3500.1 seconds, 135.3 MB
[runlim] sample:		3510.1 seconds, 135.3 MB
[runlim] sample:		3520.1 seconds, 135.3 MB
[runlim] sample:		3530.1 seconds, 135.3 MB
[runlim] sample:		3540.1 seconds, 135.3 MB
[runlim] sample:		3550.1 seconds, 135.3 MB
[runlim] sample:		3560.1 seconds, 135.3 MB
[runlim] sample:		3570.1 seconds, 135.3 MB
[runlim] sample:		3580.1 seconds, 135.3 MB
[runlim] sample:		3590.1 seconds, 135.3 MB
[runlim] end:			Mon Jan 14 23:11:19 2019
[runlim] status:		out of time
[runlim] result:		1
[runlim] children:		0
[runlim] real:			3600.08 seconds
[runlim] time:			3600.04 seconds
[runlim] space:			137.9 MB
[runlim] samples:		35999
