[runlim] version:		1.7
[runlim] time limit:		3600 seconds
[runlim] real time limit:	311040000 seconds
[runlim] space limit:		20000 MB
[runlim] argv[0]:		python3
[runlim] argv[1]:		/es0/amicheli/pyrobustnessenvelopes/main.py
[runlim] argv[2]:		-o
[runlim] argv[3]:		/es0/amicheli/pyrobustnessenvelopes/results/generator_linear_09_3_construct_nosimp.res
[runlim] argv[4]:		construct
[runlim] argv[5]:		/es0/amicheli/pyrobustnessenvelopes/benchmarks/generator_linear/gen_linear_domain.pddl
[runlim] argv[6]:		/es0/amicheli/pyrobustnessenvelopes/benchmarks/generator_linear/gen_linear_prob09.pddl
[runlim] argv[7]:		/es0/amicheli/pyrobustnessenvelopes/benchmarks/generator_linear/stns_params_with_values/output09_3pram.stn
[runlim] argv[8]:		-d
[runlim] argv[9]:		-S
[runlim] argv[10]:		monolithic
[runlim] argv[11]:		-s
[runlim] argv[12]:		z3
[runlim] argv[13]:		-q
[runlim] argv[14]:		msat_lw
[runlim] argv[15]:		-c
[runlim] start:			Mon Jan 14 19:45:34 2019
[runlim] main pid:		148635
[runlim] sample:		9.9 seconds, 70.2 MB
[runlim] sample:		19.9 seconds, 76.0 MB
[runlim] sample:		29.9 seconds, 79.4 MB
[runlim] sample:		39.9 seconds, 85.3 MB
[runlim] sample:		49.9 seconds, 85.3 MB
[runlim] sample:		59.9 seconds, 85.3 MB
[runlim] sample:		69.9 seconds, 85.3 MB
[runlim] sample:		79.9 seconds, 87.3 MB
[runlim] sample:		89.9 seconds, 87.4 MB
[runlim] sample:		99.9 seconds, 88.7 MB
[runlim] sample:		109.9 seconds, 88.8 MB
[runlim] sample:		119.9 seconds, 90.2 MB
[runlim] sample:		129.9 seconds, 93.0 MB
[runlim] sample:		139.9 seconds, 93.4 MB
[runlim] sample:		149.9 seconds, 94.7 MB
[runlim] sample:		159.9 seconds, 94.9 MB
[runlim] sample:		169.9 seconds, 94.9 MB
[runlim] sample:		179.9 seconds, 94.9 MB
[runlim] sample:		189.9 seconds, 94.9 MB
[runlim] sample:		199.9 seconds, 94.9 MB
[runlim] sample:		209.9 seconds, 95.1 MB
[runlim] sample:		219.9 seconds, 95.1 MB
[runlim] sample:		229.9 seconds, 95.1 MB
[runlim] sample:		239.9 seconds, 95.1 MB
[runlim] sample:		249.9 seconds, 98.2 MB
[runlim] sample:		259.9 seconds, 98.2 MB
[runlim] sample:		269.9 seconds, 98.2 MB
[runlim] sample:		279.9 seconds, 98.2 MB
[runlim] sample:		289.9 seconds, 98.2 MB
[runlim] sample:		299.9 seconds, 100.1 MB
[runlim] sample:		309.9 seconds, 100.1 MB
[runlim] sample:		319.9 seconds, 100.1 MB
[runlim] sample:		329.9 seconds, 100.1 MB
[runlim] sample:		339.9 seconds, 102.1 MB
[runlim] sample:		349.9 seconds, 102.4 MB
[runlim] sample:		359.9 seconds, 102.9 MB
[runlim] sample:		369.9 seconds, 102.9 MB
[runlim] sample:		379.9 seconds, 102.9 MB
[runlim] sample:		389.9 seconds, 102.9 MB
[runlim] sample:		399.9 seconds, 102.9 MB
[runlim] sample:		409.9 seconds, 102.9 MB
[runlim] sample:		419.9 seconds, 102.9 MB
[runlim] sample:		429.9 seconds, 102.9 MB
[runlim] sample:		439.9 seconds, 103.7 MB
[runlim] sample:		449.9 seconds, 104.5 MB
[runlim] sample:		459.9 seconds, 104.6 MB
[runlim] sample:		469.9 seconds, 104.6 MB
[runlim] sample:		479.9 seconds, 104.8 MB
[runlim] sample:		489.9 seconds, 104.8 MB
[runlim] sample:		499.9 seconds, 104.8 MB
[runlim] sample:		509.9 seconds, 104.8 MB
[runlim] sample:		519.9 seconds, 104.8 MB
[runlim] sample:		529.9 seconds, 104.8 MB
[runlim] sample:		539.9 seconds, 104.8 MB
[runlim] sample:		549.9 seconds, 104.8 MB
[runlim] sample:		559.9 seconds, 104.8 MB
[runlim] sample:		569.9 seconds, 104.8 MB
[runlim] sample:		579.9 seconds, 104.8 MB
[runlim] sample:		589.9 seconds, 107.2 MB
[runlim] sample:		599.9 seconds, 107.2 MB
[runlim] sample:		609.9 seconds, 107.2 MB
[runlim] sample:		619.9 seconds, 107.2 MB
[runlim] sample:		629.9 seconds, 107.2 MB
[runlim] sample:		639.9 seconds, 107.2 MB
[runlim] sample:		649.9 seconds, 107.2 MB
[runlim] sample:		659.9 seconds, 107.4 MB
[runlim] sample:		669.9 seconds, 107.4 MB
[runlim] sample:		679.9 seconds, 107.4 MB
[runlim] sample:		689.9 seconds, 107.4 MB
[runlim] sample:		699.9 seconds, 107.4 MB
[runlim] sample:		709.9 seconds, 107.4 MB
[runlim] sample:		719.9 seconds, 107.4 MB
[runlim] sample:		729.9 seconds, 107.4 MB
[runlim] sample:		739.9 seconds, 107.6 MB
[runlim] sample:		749.9 seconds, 107.6 MB
[runlim] sample:		759.9 seconds, 107.6 MB
[runlim] sample:		769.9 seconds, 107.6 MB
[runlim] sample:		779.9 seconds, 107.6 MB
[runlim] sample:		789.9 seconds, 107.6 MB
[runlim] sample:		799.9 seconds, 107.6 MB
[runlim] sample:		809.9 seconds, 107.6 MB
[runlim] sample:		819.9 seconds, 107.6 MB
[runlim] sample:		829.9 seconds, 107.6 MB
[runlim] sample:		839.9 seconds, 107.7 MB
[runlim] sample:		849.9 seconds, 108.6 MB
[runlim] sample:		859.9 seconds, 111.6 MB
[runlim] sample:		869.9 seconds, 111.6 MB
[runlim] sample:		879.9 seconds, 111.6 MB
[runlim] sample:		889.9 seconds, 111.6 MB
[runlim] sample:		899.9 seconds, 111.9 MB
[runlim] sample:		909.9 seconds, 111.9 MB
[runlim] sample:		919.9 seconds, 111.9 MB
[runlim] sample:		929.9 seconds, 111.9 MB
[runlim] sample:		939.9 seconds, 111.9 MB
[runlim] sample:		949.9 seconds, 111.9 MB
[runlim] sample:		959.9 seconds, 111.9 MB
[runlim] sample:		969.9 seconds, 111.9 MB
[runlim] sample:		979.9 seconds, 111.9 MB
[runlim] sample:		989.9 seconds, 112.7 MB
[runlim] sample:		999.9 seconds, 112.7 MB
[runlim] sample:		1009.9 seconds, 112.7 MB
[runlim] sample:		1019.9 seconds, 112.9 MB
[runlim] sample:		1029.9 seconds, 112.9 MB
[runlim] sample:		1039.9 seconds, 112.9 MB
[runlim] sample:		1049.9 seconds, 112.9 MB
[runlim] sample:		1059.9 seconds, 112.9 MB
[runlim] sample:		1069.9 seconds, 112.9 MB
[runlim] sample:		1079.9 seconds, 112.9 MB
[runlim] sample:		1089.9 seconds, 112.9 MB
[runlim] sample:		1099.9 seconds, 112.9 MB
[runlim] sample:		1109.9 seconds, 112.9 MB
[runlim] sample:		1119.9 seconds, 112.9 MB
[runlim] sample:		1129.9 seconds, 112.9 MB
[runlim] sample:		1139.9 seconds, 112.9 MB
[runlim] sample:		1149.9 seconds, 112.9 MB
[runlim] sample:		1159.9 seconds, 112.9 MB
[runlim] sample:		1169.9 seconds, 112.9 MB
[runlim] sample:		1179.9 seconds, 112.9 MB
[runlim] sample:		1189.9 seconds, 112.9 MB
[runlim] sample:		1199.9 seconds, 112.9 MB
[runlim] sample:		1209.9 seconds, 112.9 MB
[runlim] sample:		1219.9 seconds, 112.9 MB
[runlim] sample:		1229.9 seconds, 113.1 MB
[runlim] sample:		1239.9 seconds, 113.1 MB
[runlim] sample:		1249.9 seconds, 113.1 MB
[runlim] sample:		1259.9 seconds, 113.1 MB
[runlim] sample:		1269.9 seconds, 113.1 MB
[runlim] sample:		1279.9 seconds, 113.1 MB
[runlim] sample:		1289.9 seconds, 113.1 MB
[runlim] sample:		1299.9 seconds, 113.1 MB
[runlim] sample:		1309.9 seconds, 113.1 MB
[runlim] sample:		1319.9 seconds, 113.4 MB
[runlim] sample:		1329.9 seconds, 113.4 MB
[runlim] sample:		1339.9 seconds, 113.4 MB
[runlim] sample:		1349.9 seconds, 113.4 MB
[runlim] sample:		1359.9 seconds, 113.4 MB
[runlim] sample:		1369.9 seconds, 113.4 MB
[runlim] sample:		1379.9 seconds, 113.4 MB
[runlim] sample:		1389.9 seconds, 113.4 MB
[runlim] sample:		1399.9 seconds, 113.4 MB
[runlim] sample:		1409.9 seconds, 113.4 MB
[runlim] sample:		1419.9 seconds, 113.4 MB
[runlim] sample:		1429.9 seconds, 113.4 MB
[runlim] sample:		1439.9 seconds, 113.4 MB
[runlim] sample:		1449.9 seconds, 113.4 MB
[runlim] sample:		1459.9 seconds, 113.4 MB
[runlim] sample:		1469.9 seconds, 113.4 MB
[runlim] sample:		1479.9 seconds, 113.4 MB
[runlim] sample:		1489.9 seconds, 113.4 MB
[runlim] sample:		1499.9 seconds, 113.4 MB
[runlim] sample:		1509.9 seconds, 113.4 MB
[runlim] sample:		1519.9 seconds, 113.4 MB
[runlim] sample:		1529.9 seconds, 113.4 MB
[runlim] sample:		1539.9 seconds, 113.4 MB
[runlim] sample:		1549.9 seconds, 113.4 MB
[runlim] sample:		1559.9 seconds, 113.5 MB
[runlim] sample:		1569.9 seconds, 113.5 MB
[runlim] sample:		1579.9 seconds, 113.5 MB
[runlim] sample:		1589.9 seconds, 113.5 MB
[runlim] sample:		1599.9 seconds, 113.5 MB
[runlim] sample:		1609.9 seconds, 113.5 MB
[runlim] sample:		1619.9 seconds, 113.5 MB
[runlim] sample:		1629.9 seconds, 113.5 MB
[runlim] sample:		1639.9 seconds, 113.5 MB
[runlim] sample:		1649.9 seconds, 113.5 MB
[runlim] sample:		1659.9 seconds, 113.5 MB
[runlim] sample:		1669.9 seconds, 113.5 MB
[runlim] sample:		1679.9 seconds, 113.5 MB
[runlim] sample:		1689.9 seconds, 113.5 MB
[runlim] sample:		1699.9 seconds, 113.5 MB
[runlim] sample:		1709.9 seconds, 113.5 MB
[runlim] sample:		1719.9 seconds, 113.5 MB
[runlim] sample:		1729.9 seconds, 113.5 MB
[runlim] sample:		1739.9 seconds, 113.5 MB
[runlim] sample:		1749.9 seconds, 113.5 MB
[runlim] sample:		1759.9 seconds, 113.5 MB
[runlim] sample:		1769.9 seconds, 113.5 MB
[runlim] sample:		1779.9 seconds, 113.5 MB
[runlim] sample:		1789.9 seconds, 113.5 MB
[runlim] sample:		1799.9 seconds, 113.6 MB
[runlim] sample:		1809.9 seconds, 113.6 MB
[runlim] sample:		1819.9 seconds, 113.6 MB
[runlim] sample:		1829.9 seconds, 113.6 MB
[runlim] sample:		1839.9 seconds, 113.6 MB
[runlim] sample:		1850.0 seconds, 113.6 MB
[runlim] sample:		1860.0 seconds, 113.6 MB
[runlim] sample:		1870.0 seconds, 113.6 MB
[runlim] sample:		1880.0 seconds, 113.6 MB
[runlim] sample:		1890.0 seconds, 113.6 MB
[runlim] sample:		1900.0 seconds, 113.6 MB
[runlim] sample:		1910.0 seconds, 113.6 MB
[runlim] sample:		1920.0 seconds, 114.7 MB
[runlim] sample:		1930.0 seconds, 114.7 MB
[runlim] sample:		1940.0 seconds, 114.7 MB
[runlim] sample:		1950.0 seconds, 114.7 MB
[runlim] sample:		1960.0 seconds, 114.7 MB
[runlim] sample:		1970.0 seconds, 114.7 MB
[runlim] sample:		1980.0 seconds, 114.8 MB
[runlim] sample:		1990.0 seconds, 114.8 MB
[runlim] sample:		2000.0 seconds, 117.3 MB
[runlim] sample:		2010.0 seconds, 117.6 MB
[runlim] sample:		2020.0 seconds, 118.6 MB
[runlim] sample:		2030.0 seconds, 118.6 MB
[runlim] sample:		2040.0 seconds, 118.6 MB
[runlim] sample:		2050.0 seconds, 118.6 MB
[runlim] sample:		2060.0 seconds, 118.6 MB
[runlim] sample:		2070.0 seconds, 119.9 MB
[runlim] sample:		2080.0 seconds, 120.9 MB
[runlim] sample:		2090.0 seconds, 120.9 MB
[runlim] sample:		2100.0 seconds, 121.0 MB
[runlim] sample:		2110.0 seconds, 121.0 MB
[runlim] sample:		2120.0 seconds, 121.0 MB
[runlim] sample:		2130.0 seconds, 121.0 MB
[runlim] sample:		2140.0 seconds, 121.0 MB
[runlim] sample:		2150.0 seconds, 121.1 MB
[runlim] sample:		2160.0 seconds, 121.1 MB
[runlim] sample:		2170.0 seconds, 121.1 MB
[runlim] sample:		2180.0 seconds, 121.1 MB
[runlim] sample:		2190.0 seconds, 121.1 MB
[runlim] sample:		2200.0 seconds, 121.1 MB
[runlim] sample:		2210.0 seconds, 121.6 MB
[runlim] sample:		2220.0 seconds, 123.4 MB
[runlim] sample:		2230.0 seconds, 123.4 MB
[runlim] sample:		2240.0 seconds, 123.4 MB
[runlim] sample:		2250.0 seconds, 124.6 MB
[runlim] sample:		2260.0 seconds, 124.8 MB
[runlim] sample:		2270.0 seconds, 124.8 MB
[runlim] sample:		2280.0 seconds, 124.8 MB
[runlim] sample:		2290.0 seconds, 124.8 MB
[runlim] sample:		2300.0 seconds, 124.8 MB
[runlim] sample:		2310.0 seconds, 124.8 MB
[runlim] sample:		2320.0 seconds, 124.8 MB
[runlim] sample:		2330.0 seconds, 124.8 MB
[runlim] sample:		2340.0 seconds, 124.8 MB
[runlim] sample:		2350.0 seconds, 124.8 MB
[runlim] sample:		2360.0 seconds, 124.8 MB
[runlim] sample:		2370.0 seconds, 124.8 MB
[runlim] sample:		2380.0 seconds, 124.8 MB
[runlim] sample:		2390.0 seconds, 124.8 MB
[runlim] sample:		2400.0 seconds, 124.8 MB
[runlim] sample:		2410.0 seconds, 124.8 MB
[runlim] sample:		2420.0 seconds, 124.8 MB
[runlim] sample:		2430.0 seconds, 124.8 MB
[runlim] sample:		2440.0 seconds, 124.8 MB
[runlim] sample:		2450.0 seconds, 126.2 MB
[runlim] sample:		2460.0 seconds, 126.2 MB
[runlim] sample:		2470.0 seconds, 126.2 MB
[runlim] sample:		2480.0 seconds, 126.2 MB
[runlim] sample:		2490.0 seconds, 126.2 MB
[runlim] sample:		2500.0 seconds, 126.2 MB
[runlim] sample:		2510.0 seconds, 126.2 MB
[runlim] sample:		2520.0 seconds, 126.4 MB
[runlim] sample:		2530.0 seconds, 126.4 MB
[runlim] sample:		2540.0 seconds, 126.4 MB
[runlim] sample:		2550.0 seconds, 126.4 MB
[runlim] sample:		2560.0 seconds, 126.4 MB
[runlim] sample:		2570.0 seconds, 126.4 MB
[runlim] sample:		2580.0 seconds, 126.4 MB
[runlim] sample:		2590.0 seconds, 126.4 MB
[runlim] sample:		2600.0 seconds, 126.4 MB
[runlim] sample:		2610.0 seconds, 126.4 MB
[runlim] sample:		2620.0 seconds, 126.4 MB
[runlim] sample:		2630.0 seconds, 126.4 MB
[runlim] sample:		2640.0 seconds, 126.4 MB
[runlim] sample:		2650.0 seconds, 126.4 MB
[runlim] sample:		2660.0 seconds, 126.4 MB
[runlim] sample:		2670.0 seconds, 126.4 MB
[runlim] sample:		2680.0 seconds, 126.4 MB
[runlim] sample:		2690.0 seconds, 126.4 MB
[runlim] sample:		2700.0 seconds, 126.4 MB
[runlim] sample:		2710.0 seconds, 126.4 MB
[runlim] sample:		2720.0 seconds, 126.4 MB
[runlim] sample:		2730.0 seconds, 126.4 MB
[runlim] sample:		2740.0 seconds, 126.4 MB
[runlim] sample:		2750.0 seconds, 126.4 MB
[runlim] sample:		2760.0 seconds, 126.4 MB
[runlim] sample:		2770.0 seconds, 126.4 MB
[runlim] sample:		2780.0 seconds, 126.4 MB
[runlim] sample:		2790.0 seconds, 126.4 MB
[runlim] sample:		2800.0 seconds, 126.4 MB
[runlim] sample:		2810.0 seconds, 126.4 MB
[runlim] sample:		2820.0 seconds, 126.4 MB
[runlim] sample:		2830.0 seconds, 126.4 MB
[runlim] sample:		2840.0 seconds, 126.4 MB
[runlim] sample:		2850.0 seconds, 126.4 MB
[runlim] sample:		2860.0 seconds, 126.4 MB
[runlim] sample:		2870.0 seconds, 126.4 MB
[runlim] sample:		2880.0 seconds, 126.4 MB
[runlim] sample:		2890.0 seconds, 126.4 MB
[runlim] sample:		2900.0 seconds, 126.4 MB
[runlim] sample:		2910.0 seconds, 126.4 MB
[runlim] sample:		2920.0 seconds, 126.4 MB
[runlim] sample:		2930.0 seconds, 126.4 MB
[runlim] sample:		2940.0 seconds, 126.4 MB
[runlim] sample:		2950.0 seconds, 126.4 MB
[runlim] sample:		2960.0 seconds, 126.4 MB
[runlim] sample:		2970.0 seconds, 126.4 MB
[runlim] sample:		2980.0 seconds, 126.4 MB
[runlim] sample:		2990.0 seconds, 126.4 MB
[runlim] sample:		3000.0 seconds, 126.4 MB
[runlim] sample:		3010.0 seconds, 126.4 MB
[runlim] sample:		3020.0 seconds, 126.4 MB
[runlim] sample:		3030.0 seconds, 126.4 MB
[runlim] sample:		3040.0 seconds, 126.4 MB
[runlim] sample:		3050.0 seconds, 126.4 MB
[runlim] sample:		3060.0 seconds, 126.4 MB
[runlim] sample:		3070.0 seconds, 126.4 MB
[runlim] sample:		3080.0 seconds, 126.4 MB
[runlim] sample:		3090.0 seconds, 126.4 MB
[runlim] sample:		3100.0 seconds, 126.4 MB
[runlim] sample:		3110.0 seconds, 126.4 MB
[runlim] sample:		3120.0 seconds, 126.4 MB
[runlim] sample:		3130.0 seconds, 126.4 MB
[runlim] sample:		3140.0 seconds, 126.4 MB
[runlim] sample:		3150.0 seconds, 126.4 MB
[runlim] sample:		3160.0 seconds, 126.4 MB
[runlim] sample:		3170.0 seconds, 126.4 MB
[runlim] sample:		3180.0 seconds, 126.4 MB
[runlim] sample:		3190.0 seconds, 126.4 MB
[runlim] sample:		3200.0 seconds, 126.4 MB
[runlim] sample:		3210.0 seconds, 126.4 MB
[runlim] sample:		3220.0 seconds, 126.4 MB
[runlim] sample:		3230.0 seconds, 126.4 MB
[runlim] sample:		3240.0 seconds, 126.4 MB
[runlim] sample:		3250.0 seconds, 126.4 MB
[runlim] sample:		3260.0 seconds, 126.4 MB
[runlim] sample:		3270.0 seconds, 126.4 MB
[runlim] sample:		3280.0 seconds, 126.4 MB
[runlim] sample:		3290.0 seconds, 126.4 MB
[runlim] sample:		3300.0 seconds, 126.4 MB
[runlim] sample:		3310.0 seconds, 126.4 MB
[runlim] sample:		3320.0 seconds, 126.4 MB
[runlim] sample:		3330.0 seconds, 126.4 MB
[runlim] sample:		3340.0 seconds, 126.4 MB
[runlim] sample:		3350.0 seconds, 126.4 MB
[runlim] sample:		3360.0 seconds, 126.4 MB
[runlim] sample:		3370.0 seconds, 126.4 MB
[runlim] sample:		3380.0 seconds, 126.4 MB
[runlim] sample:		3390.0 seconds, 126.4 MB
[runlim] sample:		3400.0 seconds, 126.4 MB
[runlim] sample:		3410.0 seconds, 126.4 MB
[runlim] sample:		3420.0 seconds, 127.4 MB
[runlim] sample:		3430.0 seconds, 127.4 MB
[runlim] sample:		3440.0 seconds, 128.6 MB
[runlim] sample:		3450.0 seconds, 128.6 MB
[runlim] sample:		3460.0 seconds, 128.6 MB
[runlim] sample:		3470.0 seconds, 131.5 MB
[runlim] sample:		3480.0 seconds, 131.6 MB
[runlim] sample:		3490.0 seconds, 132.3 MB
[runlim] sample:		3500.0 seconds, 132.5 MB
[runlim] sample:		3510.0 seconds, 132.6 MB
[runlim] sample:		3520.0 seconds, 132.6 MB
[runlim] sample:		3530.0 seconds, 132.6 MB
[runlim] sample:		3540.0 seconds, 132.6 MB
[runlim] sample:		3550.0 seconds, 132.6 MB
[runlim] sample:		3560.0 seconds, 132.6 MB
[runlim] sample:		3570.0 seconds, 132.6 MB
[runlim] sample:		3580.0 seconds, 132.6 MB
[runlim] sample:		3590.0 seconds, 132.6 MB
[runlim] sample:		3600.0 seconds, 132.6 MB
[runlim] end:			Mon Jan 14 20:45:34 2019
[runlim] status:		out of time
[runlim] result:		1
[runlim] children:		0
[runlim] real:			3600.20 seconds
[runlim] time:			3600.04 seconds
[runlim] space:			132.6 MB
[runlim] samples:		36000
